<?xml version="1.0" encoding="UTF-8"?>
<testsuite name="Cucumber" time="42.099" tests="2" skipped="0" failures="0" errors="0">
<testcase classname="As a user I want to check Home Page functionality" name="Verify Language Selection Functionality - Example #1.1" time="21.19">
<system-out><![CDATA[
Given Home page is open.....................................................passed
Given The modal is closed...................................................passed
When I click on the "ENG" button............................................passed
And I select a "Arm" language...............................................passed
Then I see that the page URL should be contain the "/am"....................passed
]]></system-out>
</testcase>
<testcase classname="As a user I want to check Home Page functionality" name="Verify Language Selection Functionality - Example #1.2" time="20.587">
<system-out><![CDATA[
Given Home page is open.....................................................passed
Given The modal is closed...................................................passed
When I click on the "ENG" button............................................passed
And I select a "Ru" language................................................passed
Then I see that the page URL should be contain the "/ru"....................passed
]]></system-out>
</testcase>
</testsuite>
