<?xml version="1.0" encoding="UTF-8"?>
<testsuite name="Cucumber" time="36.748" tests="1" skipped="0" failures="1" errors="0">
<testcase classname="Careers page functionality" name="Verify Applying for the Sales Specialist Position" time="36.394">
<failure type="org.openqa.selenium.NoSuchElementException" message="no such element: Unable to locate element: {&quot;method&quot;:&quot;xpath&quot;,&quot;selector&quot;:&quot;/html[1]/body[1]/div[1]/div[6]/div[1]/div[1]/div[1]/div[2]/div[2]/form[1]/div[6]/div[1]/input[1]&quot;}
  (Session info: chrome=116.0.5845.179)
For documentation on this error, please visit: https://www.selenium.dev/documentation/webdriver/troubleshooting/errors#no-such-element-exception
Build info: version: '4.11.0', revision: '040bc5406b'
System info: os.name: 'Linux', os.arch: 'amd64', os.version: '5.15.0-83-generic', java.version: '11.0.20.1'
Driver info: org.openqa.selenium.chrome.ChromeDriver
Command: [57c6c5fd4d7ab29c49e2fb57e8f99373, findElement {using=xpath, value=/html[1]/body[1]/div[1]/div[6]/div[1]/div[1]/div[1]/div[2]/div[2]/form[1]/div[6]/div[1]/input[1]}]
Capabilities {acceptInsecureCerts: false, browserName: chrome, browserVersion: 116.0.5845.179, chrome: {chromedriverVersion: 116.0.5845.179 (17ff023f3eb..., userDataDir: /tmp/.org.chromium.Chromium...}, fedcm:accounts: true, goog:chromeOptions: {debuggerAddress: localhost:35679}, networkConnectionEnabled: false, pageLoadStrategy: normal, platformName: linux, proxy: Proxy(), se:cdp: ws://localhost:35679/devtoo..., se:cdpVersion: 116.0.5845.179, setWindowRect: true, strictFileInteractability: false, timeouts: {implicit: 0, pageLoad: 300000, script: 30000}, unhandledPromptBehavior: dismiss and notify, webauthn:extension:credBlob: true, webauthn:extension:largeBlob: true, webauthn:extension:minPinLength: true, webauthn:extension:prf: true, webauthn:virtualAuthenticators: true}
Session ID: 57c6c5fd4d7ab29c49e2fb57e8f99373">
<![CDATA[org.openqa.selenium.NoSuchElementException: no such element: Unable to locate element: {"method":"xpath","selector":"/html[1]/body[1]/div[1]/div[6]/div[1]/div[1]/div[1]/div[2]/div[2]/form[1]/div[6]/div[1]/input[1]"}
  (Session info: chrome=116.0.5845.179)
For documentation on this error, please visit: https://www.selenium.dev/documentation/webdriver/troubleshooting/errors#no-such-element-exception
Build info: version: '4.11.0', revision: '040bc5406b'
System info: os.name: 'Linux', os.arch: 'amd64', os.version: '5.15.0-83-generic', java.version: '11.0.20.1'
Driver info: org.openqa.selenium.chrome.ChromeDriver
Command: [57c6c5fd4d7ab29c49e2fb57e8f99373, findElement {using=xpath, value=/html[1]/body[1]/div[1]/div[6]/div[1]/div[1]/div[1]/div[2]/div[2]/form[1]/div[6]/div[1]/input[1]}]
Capabilities {acceptInsecureCerts: false, browserName: chrome, browserVersion: 116.0.5845.179, chrome: {chromedriverVersion: 116.0.5845.179 (17ff023f3eb..., userDataDir: /tmp/.org.chromium.Chromium...}, fedcm:accounts: true, goog:chromeOptions: {debuggerAddress: localhost:35679}, networkConnectionEnabled: false, pageLoadStrategy: normal, platformName: linux, proxy: Proxy(), se:cdp: ws://localhost:35679/devtoo..., se:cdpVersion: 116.0.5845.179, setWindowRect: true, strictFileInteractability: false, timeouts: {implicit: 0, pageLoad: 300000, script: 30000}, unhandledPromptBehavior: dismiss and notify, webauthn:extension:credBlob: true, webauthn:extension:largeBlob: true, webauthn:extension:minPinLength: true, webauthn:extension:prf: true, webauthn:virtualAuthenticators: true}
Session ID: 57c6c5fd4d7ab29c49e2fb57e8f99373
	at java.base/jdk.internal.reflect.NativeConstructorAccessorImpl.newInstance0(Native Method)
	at java.base/jdk.internal.reflect.NativeConstructorAccessorImpl.newInstance(NativeConstructorAccessorImpl.java:62)
	at java.base/jdk.internal.reflect.DelegatingConstructorAccessorImpl.newInstance(DelegatingConstructorAccessorImpl.java:45)
	at java.base/java.lang.reflect.Constructor.newInstance(Constructor.java:490)
	at org.openqa.selenium.remote.codec.w3c.W3CHttpResponseCodec.createException(W3CHttpResponseCodec.java:200)
	at org.openqa.selenium.remote.codec.w3c.W3CHttpResponseCodec.decode(W3CHttpResponseCodec.java:133)
	at org.openqa.selenium.remote.codec.w3c.W3CHttpResponseCodec.decode(W3CHttpResponseCodec.java:52)
	at org.openqa.selenium.remote.HttpCommandExecutor.execute(HttpCommandExecutor.java:191)
	at org.openqa.selenium.remote.service.DriverCommandExecutor.invokeExecute(DriverCommandExecutor.java:196)
	at org.openqa.selenium.remote.service.DriverCommandExecutor.execute(DriverCommandExecutor.java:171)
	at org.openqa.selenium.remote.RemoteWebDriver.execute(RemoteWebDriver.java:518)
	at org.openqa.selenium.remote.ElementLocation$ElementFinder$2.findElement(ElementLocation.java:165)
	at org.openqa.selenium.remote.ElementLocation.findElement(ElementLocation.java:59)
	at org.openqa.selenium.remote.RemoteWebDriver.findElement(RemoteWebDriver.java:355)
	at org.openqa.selenium.remote.RemoteWebDriver.findElement(RemoteWebDriver.java:349)
	at PageObject.Careers.checkboxFromCareers(Careers.java:100)
	at StepDefinitions.CareersSteps.check_checkbox(CareersSteps.java:38)
	at ✽.I check the I agree to checkbox from Careers(file:///home/david/Desktop/Tesvan_Project/TesvanProject/src/test/features/Careers.feature:31)
]]>
</failure>
<system-out><![CDATA[
Given Home page is open.....................................................passed
Given The modal is closed...................................................passed
When I hover over the "Company" section in the menu bar.....................passed
And I click on the "Careers" button from dropdown...........................passed
Then I see that the page URL should be contain the "/company/careers".......passed
And I "scroolDown" the page.................................................passed
When I click on the "More_Details" button...................................passed
Then I see that the page URL should be contain the "/company/careers/sales_specialist".passed
When I "scrool_down" the page...............................................passed
And I fill in "fullName_" field with "nameTest" value.......................passed
And I fill in "email_" field with "test@test.com" value.....................passed
And I fill in "phone_" field with "12345678910" value.......................passed
And I click on the "upload" button..........................................passed
And I attach file...........................................................passed
And I check the I agree to checkbox from Careers............................failed
And I click on the "Apply" button...........................................skipped
Then I should see the succses message "Success".............................skipped
]]></system-out>
</testcase>
</testsuite>
