{"uuid":"c6ac3855-343d-4e42-85d3-37b1cc3605a9","historyId":"93f9b482c1788ba1e1bdcc6433bc3041","fullName":"src/test/features/Contacts.feature:23","labels":[{"name":"tag","value":"test"},{"name":"host","value":"david"},{"name":"thread","value":"58540@david.main(1)"},{"name":"feature","value":"As A user I want to send message and navigate to social media pages"},{"name":"story","value":"Verify Social Media Navigation from Contact"},{"name":"suite","value":"As A user I want to send message and navigate to social media pages"},{"name":"testClass","value":"Verify Social Media Navigation from Contact"},{"name":"framework","value":"cucumber4jvm"},{"name":"language","value":"java"},{"name":"gherkin_uri","value":"file:///home/david/Desktop/Tesvan_Project/TesvanProject/src/test/features/Contacts.feature"},{"name":"package","value":"src.test.features.Contacts_feature.As A user I want to send message and navigate to social media pages"}],"links":[],"name":"Verify Social Media Navigation from Contact","status":"broken","statusDetails":{"known":false,"muted":false,"flaky":false,"message":"Element <button id=\"headerButton\" class=\"Button_button__k9F7A Button_yellow__zUx2d HeaderContent_button__BVGX_ undefined Button_eng__VMlwB\" type=\"button\"> is not clickable at point (923,30) because another element <nav class=\"MenuItems_itemsNav__iv9jh\"> obscures it\nBuild info: version: '4.11.0', revision: '040bc5406b'\nSystem info: os.name: 'Linux', os.arch: 'amd64', os.version: '5.15.0-83-generic', java.version: '11.0.20.1'\nDriver info: org.openqa.selenium.firefox.FirefoxDriver\nCommand: [6c46da44-2a70-4ccc-83aa-d266365e5c52, clickElement {id=51b756ed-d94a-44c3-ab3c-e5e68a02c6d8}]\nCapabilities {acceptInsecureCerts: true, browserName: firefox, browserVersion: 117.0, moz:accessibilityChecks: false, moz:buildID: 20230824132758, moz:debuggerAddress: 127.0.0.1:16850, moz:geckodriverVersion: 0.33.0, moz:headless: false, moz:platformVersion: 5.15.0-83-generic, moz:processID: 58602, moz:profile: /tmp/rust_mozprofileROpFZR, moz:shutdownTimeout: 60000, moz:webdriverClick: true, moz:windowless: false, pageLoadStrategy: normal, platformName: linux, proxy: Proxy(), se:cdp: ws://127.0.0.1:16850/devtoo..., se:cdpVersion: 85.0, setWindowRect: true, strictFileInteractability: false, timeouts: {implicit: 0, pageLoad: 300000, script: 30000}, unhandledPromptBehavior: dismiss and notify}\nElement: [[FirefoxDriver: firefox on linux (6c46da44-2a70-4ccc-83aa-d266365e5c52)] -> css selector: #headerButton]\nSession ID: 6c46da44-2a70-4ccc-83aa-d266365e5c52","trace":"org.openqa.selenium.ElementClickInterceptedException: Element <button id=\"headerButton\" class=\"Button_button__k9F7A Button_yellow__zUx2d HeaderContent_button__BVGX_ undefined Button_eng__VMlwB\" type=\"button\"> is not clickable at point (923,30) because another element <nav class=\"MenuItems_itemsNav__iv9jh\"> obscures it\nBuild info: version: '4.11.0', revision: '040bc5406b'\nSystem info: os.name: 'Linux', os.arch: 'amd64', os.version: '5.15.0-83-generic', java.version: '11.0.20.1'\nDriver info: org.openqa.selenium.firefox.FirefoxDriver\nCommand: [6c46da44-2a70-4ccc-83aa-d266365e5c52, clickElement {id=51b756ed-d94a-44c3-ab3c-e5e68a02c6d8}]\nCapabilities {acceptInsecureCerts: true, browserName: firefox, browserVersion: 117.0, moz:accessibilityChecks: false, moz:buildID: 20230824132758, moz:debuggerAddress: 127.0.0.1:16850, moz:geckodriverVersion: 0.33.0, moz:headless: false, moz:platformVersion: 5.15.0-83-generic, moz:processID: 58602, moz:profile: /tmp/rust_mozprofileROpFZR, moz:shutdownTimeout: 60000, moz:webdriverClick: true, moz:windowless: false, pageLoadStrategy: normal, platformName: linux, proxy: Proxy(), se:cdp: ws://127.0.0.1:16850/devtoo..., se:cdpVersion: 85.0, setWindowRect: true, strictFileInteractability: false, timeouts: {implicit: 0, pageLoad: 300000, script: 30000}, unhandledPromptBehavior: dismiss and notify}\nElement: [[FirefoxDriver: firefox on linux (6c46da44-2a70-4ccc-83aa-d266365e5c52)] -> css selector: #headerButton]\nSession ID: 6c46da44-2a70-4ccc-83aa-d266365e5c52\n\tat java.base/jdk.internal.reflect.NativeConstructorAccessorImpl.newInstance0(Native Method)\n\tat java.base/jdk.internal.reflect.NativeConstructorAccessorImpl.newInstance(NativeConstructorAccessorImpl.java:62)\n\tat java.base/jdk.internal.reflect.DelegatingConstructorAccessorImpl.newInstance(DelegatingConstructorAccessorImpl.java:45)\n\tat java.base/java.lang.reflect.Constructor.newInstance(Constructor.java:490)\n\tat org.openqa.selenium.remote.codec.w3c.W3CHttpResponseCodec.createException(W3CHttpResponseCodec.java:200)\n\tat org.openqa.selenium.remote.codec.w3c.W3CHttpResponseCodec.decode(W3CHttpResponseCodec.java:133)\n\tat org.openqa.selenium.remote.codec.w3c.W3CHttpResponseCodec.decode(W3CHttpResponseCodec.java:52)\n\tat org.openqa.selenium.remote.HttpCommandExecutor.execute(HttpCommandExecutor.java:191)\n\tat org.openqa.selenium.remote.service.DriverCommandExecutor.invokeExecute(DriverCommandExecutor.java:196)\n\tat org.openqa.selenium.remote.service.DriverCommandExecutor.execute(DriverCommandExecutor.java:171)\n\tat org.openqa.selenium.remote.RemoteWebDriver.execute(RemoteWebDriver.java:518)\n\tat org.openqa.selenium.remote.RemoteWebElement.execute(RemoteWebElement.java:224)\n\tat org.openqa.selenium.remote.RemoteWebElement.click(RemoteWebElement.java:77)\n\tat PageObject.SendMessageModal.clickOnElement(SendMessageModal.java:59)\n\tat StepDefinitions.MessageSteps.send_message(MessageSteps.java:31)\n\tat ✽.I click on the \"ScroolDown\" button(file:///home/david/Desktop/Tesvan_Project/TesvanProject/src/test/features/Contacts.feature:17)\n"},"stage":"finished","steps":[{"name":"Given  Home page is open","status":"passed","statusDetails":{"known":false,"muted":false,"flaky":false},"stage":"finished","steps":[],"attachments":[],"parameters":[],"start":1694279321181,"stop":1694279337792},{"name":"Given  The modal is closed","status":"passed","statusDetails":{"known":false,"muted":false,"flaky":false},"stage":"finished","steps":[],"attachments":[],"parameters":[],"start":1694279337797,"stop":1694279339198},{"name":"And  I click on the \"Contacts\" button","status":"passed","statusDetails":{"known":false,"muted":false,"flaky":false},"stage":"finished","steps":[],"attachments":[],"parameters":[],"start":1694279339200,"stop":1694279339575},{"name":"And  I click on the \"ScroolDown\" button","status":"broken","statusDetails":{"known":false,"muted":false,"flaky":false,"message":"Element <button id=\"headerButton\" class=\"Button_button__k9F7A Button_yellow__zUx2d HeaderContent_button__BVGX_ undefined Button_eng__VMlwB\" type=\"button\"> is not clickable at point (923,30) because another element <nav class=\"MenuItems_itemsNav__iv9jh\"> obscures it\nBuild info: version: '4.11.0', revision: '040bc5406b'\nSystem info: os.name: 'Linux', os.arch: 'amd64', os.version: '5.15.0-83-generic', java.version: '11.0.20.1'\nDriver info: org.openqa.selenium.firefox.FirefoxDriver\nCommand: [6c46da44-2a70-4ccc-83aa-d266365e5c52, clickElement {id=51b756ed-d94a-44c3-ab3c-e5e68a02c6d8}]\nCapabilities {acceptInsecureCerts: true, browserName: firefox, browserVersion: 117.0, moz:accessibilityChecks: false, moz:buildID: 20230824132758, moz:debuggerAddress: 127.0.0.1:16850, moz:geckodriverVersion: 0.33.0, moz:headless: false, moz:platformVersion: 5.15.0-83-generic, moz:processID: 58602, moz:profile: /tmp/rust_mozprofileROpFZR, moz:shutdownTimeout: 60000, moz:webdriverClick: true, moz:windowless: false, pageLoadStrategy: normal, platformName: linux, proxy: Proxy(), se:cdp: ws://127.0.0.1:16850/devtoo..., se:cdpVersion: 85.0, setWindowRect: true, strictFileInteractability: false, timeouts: {implicit: 0, pageLoad: 300000, script: 30000}, unhandledPromptBehavior: dismiss and notify}\nElement: [[FirefoxDriver: firefox on linux (6c46da44-2a70-4ccc-83aa-d266365e5c52)] -> css selector: #headerButton]\nSession ID: 6c46da44-2a70-4ccc-83aa-d266365e5c52","trace":"org.openqa.selenium.ElementClickInterceptedException: Element <button id=\"headerButton\" class=\"Button_button__k9F7A Button_yellow__zUx2d HeaderContent_button__BVGX_ undefined Button_eng__VMlwB\" type=\"button\"> is not clickable at point (923,30) because another element <nav class=\"MenuItems_itemsNav__iv9jh\"> obscures it\nBuild info: version: '4.11.0', revision: '040bc5406b'\nSystem info: os.name: 'Linux', os.arch: 'amd64', os.version: '5.15.0-83-generic', java.version: '11.0.20.1'\nDriver info: org.openqa.selenium.firefox.FirefoxDriver\nCommand: [6c46da44-2a70-4ccc-83aa-d266365e5c52, clickElement {id=51b756ed-d94a-44c3-ab3c-e5e68a02c6d8}]\nCapabilities {acceptInsecureCerts: true, browserName: firefox, browserVersion: 117.0, moz:accessibilityChecks: false, moz:buildID: 20230824132758, moz:debuggerAddress: 127.0.0.1:16850, moz:geckodriverVersion: 0.33.0, moz:headless: false, moz:platformVersion: 5.15.0-83-generic, moz:processID: 58602, moz:profile: /tmp/rust_mozprofileROpFZR, moz:shutdownTimeout: 60000, moz:webdriverClick: true, moz:windowless: false, pageLoadStrategy: normal, platformName: linux, proxy: Proxy(), se:cdp: ws://127.0.0.1:16850/devtoo..., se:cdpVersion: 85.0, setWindowRect: true, strictFileInteractability: false, timeouts: {implicit: 0, pageLoad: 300000, script: 30000}, unhandledPromptBehavior: dismiss and notify}\nElement: [[FirefoxDriver: firefox on linux (6c46da44-2a70-4ccc-83aa-d266365e5c52)] -> css selector: #headerButton]\nSession ID: 6c46da44-2a70-4ccc-83aa-d266365e5c52\n\tat java.base/jdk.internal.reflect.NativeConstructorAccessorImpl.newInstance0(Native Method)\n\tat java.base/jdk.internal.reflect.NativeConstructorAccessorImpl.newInstance(NativeConstructorAccessorImpl.java:62)\n\tat java.base/jdk.internal.reflect.DelegatingConstructorAccessorImpl.newInstance(DelegatingConstructorAccessorImpl.java:45)\n\tat java.base/java.lang.reflect.Constructor.newInstance(Constructor.java:490)\n\tat org.openqa.selenium.remote.codec.w3c.W3CHttpResponseCodec.createException(W3CHttpResponseCodec.java:200)\n\tat org.openqa.selenium.remote.codec.w3c.W3CHttpResponseCodec.decode(W3CHttpResponseCodec.java:133)\n\tat org.openqa.selenium.remote.codec.w3c.W3CHttpResponseCodec.decode(W3CHttpResponseCodec.java:52)\n\tat org.openqa.selenium.remote.HttpCommandExecutor.execute(HttpCommandExecutor.java:191)\n\tat org.openqa.selenium.remote.service.DriverCommandExecutor.invokeExecute(DriverCommandExecutor.java:196)\n\tat org.openqa.selenium.remote.service.DriverCommandExecutor.execute(DriverCommandExecutor.java:171)\n\tat org.openqa.selenium.remote.RemoteWebDriver.execute(RemoteWebDriver.java:518)\n\tat org.openqa.selenium.remote.RemoteWebElement.execute(RemoteWebElement.java:224)\n\tat org.openqa.selenium.remote.RemoteWebElement.click(RemoteWebElement.java:77)\n\tat PageObject.SendMessageModal.clickOnElement(SendMessageModal.java:59)\n\tat StepDefinitions.MessageSteps.send_message(MessageSteps.java:31)\n\tat ✽.I click on the \"ScroolDown\" button(file:///home/david/Desktop/Tesvan_Project/TesvanProject/src/test/features/Contacts.feature:17)\n"},"stage":"finished","steps":[],"attachments":[],"parameters":[],"start":1694279339578,"stop":1694279339733},{"name":"When  I click on the \"Upwork\" button","status":"skipped","statusDetails":{"known":false,"muted":false,"flaky":false},"stage":"finished","steps":[],"attachments":[],"parameters":[],"start":1694279339736,"stop":1694279339741},{"name":"Then  I should be navigate on \"https://www.upwork.com/ag/tesvan/\" page","status":"skipped","statusDetails":{"known":false,"muted":false,"flaky":false},"stage":"finished","steps":[],"attachments":[],"parameters":[],"start":1694279339744,"stop":1694279339745}],"attachments":[],"parameters":[{"name":"social_media","value":"Upwork"},{"name":"expected_url","value":"https://www.upwork.com/ag/tesvan/"}],"start":1694279316795,"stop":1694279341037}