<?xml version="1.0" encoding="UTF-8" ?>
<testsuite tests="1" failures="0" name="TestRunner.RunnerTest" time="30.358" errors="1" skipped="0">
  <properties>
[...]
</properties>
  <testcase classname="As A user I want to send message #1" name="Send a message with valid data" time="30.358">
    <error message="Unable to locate element: //div[8]/div/div/div/div/div[1]/div[3]/p[normalize-space()=&apos;Your message has been sent successfully.&apos;]
For documentation on this error, please visit: https://www.selenium.dev/documentation/webdriver/troubleshooting/errors#no-such-element-exception
Build info: version: &apos;4.11.0&apos;, revision: &apos;040bc5406b&apos;
System info: os.name: &apos;Linux&apos;, os.arch: &apos;amd64&apos;, os.version: &apos;5.15.0-83-generic&apos;, java.version: &apos;11.0.20.1&apos;
Driver info: org.openqa.selenium.firefox.FirefoxDriver
Command: [b0207f82-2f66-434f-a1e3-854ca68dd289, findElement {using=xpath, value=//div[8]/div/div/div/div/div[1]/div[3]/p[normalize-space()=&apos;Your message has been sent successfully.&apos;]}]
Capabilities {acceptInsecureCerts: true, browserName: firefox, browserVersion: 117.0, moz:accessibilityChecks: false, moz:buildID: 20230824132758, moz:debuggerAddress: 127.0.0.1:13533, moz:geckodriverVersion: 0.33.0, moz:headless: false, moz:platformVersion: 5.15.0-83-generic, moz:processID: 170812, moz:profile: /tmp/rust_mozprofileVNREQC, moz:shutdownTimeout: 60000, moz:webdriverClick: true, moz:windowless: false, pageLoadStrategy: normal, platformName: linux, proxy: Proxy(), se:cdp: ws://127.0.0.1:13533/devtoo..., se:cdpVersion: 85.0, setWindowRect: true, strictFileInteractability: false, timeouts: {implicit: 0, pageLoad: 300000, script: 30000}, unhandledPromptBehavior: dismiss and notify}
Session ID: b0207f82-2f66-434f-a1e3-854ca68dd289" type="org.openqa.selenium.NoSuchElementException">org.openqa.selenium.NoSuchElementException: Unable to locate element: //div[8]/div/div/div/div/div[1]/div[3]/p[normalize-space()=&apos;Your message has been sent successfully.&apos;]
For documentation on this error, please visit: https://www.selenium.dev/documentation/webdriver/troubleshooting/errors#no-such-element-exception
Build info: version: &apos;4.11.0&apos;, revision: &apos;040bc5406b&apos;
System info: os.name: &apos;Linux&apos;, os.arch: &apos;amd64&apos;, os.version: &apos;5.15.0-83-generic&apos;, java.version: &apos;11.0.20.1&apos;
Driver info: org.openqa.selenium.firefox.FirefoxDriver
Command: [b0207f82-2f66-434f-a1e3-854ca68dd289, findElement {using=xpath, value=//div[8]/div/div/div/div/div[1]/div[3]/p[normalize-space()=&apos;Your message has been sent successfully.&apos;]}]
Capabilities {acceptInsecureCerts: true, browserName: firefox, browserVersion: 117.0, moz:accessibilityChecks: false, moz:buildID: 20230824132758, moz:debuggerAddress: 127.0.0.1:13533, moz:geckodriverVersion: 0.33.0, moz:headless: false, moz:platformVersion: 5.15.0-83-generic, moz:processID: 170812, moz:profile: /tmp/rust_mozprofileVNREQC, moz:shutdownTimeout: 60000, moz:webdriverClick: true, moz:windowless: false, pageLoadStrategy: normal, platformName: linux, proxy: Proxy(), se:cdp: ws://127.0.0.1:13533/devtoo..., se:cdpVersion: 85.0, setWindowRect: true, strictFileInteractability: false, timeouts: {implicit: 0, pageLoad: 300000, script: 30000}, unhandledPromptBehavior: dismiss and notify}
Session ID: b0207f82-2f66-434f-a1e3-854ca68dd289
	at java.base/jdk.internal.reflect.NativeConstructorAccessorImpl.newInstance0(Native Method)
	at java.base/jdk.internal.reflect.NativeConstructorAccessorImpl.newInstance(NativeConstructorAccessorImpl.java:62)
	at java.base/jdk.internal.reflect.DelegatingConstructorAccessorImpl.newInstance(DelegatingConstructorAccessorImpl.java:45)
	at java.base/java.lang.reflect.Constructor.newInstance(Constructor.java:490)
	at org.openqa.selenium.remote.codec.w3c.W3CHttpResponseCodec.createException(W3CHttpResponseCodec.java:200)
	at org.openqa.selenium.remote.codec.w3c.W3CHttpResponseCodec.decode(W3CHttpResponseCodec.java:133)
	at org.openqa.selenium.remote.codec.w3c.W3CHttpResponseCodec.decode(W3CHttpResponseCodec.java:52)
	at org.openqa.selenium.remote.HttpCommandExecutor.execute(HttpCommandExecutor.java:191)
	at org.openqa.selenium.remote.service.DriverCommandExecutor.invokeExecute(DriverCommandExecutor.java:196)
	at org.openqa.selenium.remote.service.DriverCommandExecutor.execute(DriverCommandExecutor.java:171)
	at org.openqa.selenium.remote.RemoteWebDriver.execute(RemoteWebDriver.java:518)
	at org.openqa.selenium.remote.ElementLocation$ElementFinder$2.findElement(ElementLocation.java:165)
	at org.openqa.selenium.remote.ElementLocation.findElement(ElementLocation.java:59)
	at org.openqa.selenium.remote.RemoteWebDriver.findElement(RemoteWebDriver.java:355)
	at org.openqa.selenium.remote.RemoteWebDriver.findElement(RemoteWebDriver.java:349)
	at PageObject.Contacts.ResponseMessageFromContacts(Contacts.java:25)
	at StepDefinitions.ContactsSteps.verify_successful_message(ContactsSteps.java:28)
	at ✽.I should see the succsessfuly message &quot;Your message has been sent successfully.&quot; on Contacts page(file:///home/david/Desktop/Tesvan-%20auto/tesvan_auto/src/test/features/Contacts.feature:24)
</error>
    <system-out>
@test
Scenario: Send a message with valid data                                                                 &amp;#27;[90m# src/test/features/Contacts.feature:13&amp;#27;[0m
Open browser
  &amp;#27;[32mGiven &amp;#27;[0m&amp;#27;[32mHome page is open&amp;#27;[0m                                                                                &amp;#27;[90m# StepDefinitions.HomePageSteps.home_page_is_open()&amp;#27;[0m
  &amp;#27;[32mGiven &amp;#27;[0m&amp;#27;[32mThe modal is closed&amp;#27;[0m                                                                              &amp;#27;[90m# StepDefinitions.HomePageSteps.modal_is_closed()&amp;#27;[0m
  &amp;#27;[32mWhen &amp;#27;[0m&amp;#27;[32mI click on the &amp;#27;[0m&amp;#27;[32m&amp;#27;[1m&quot;Contacts&quot;&amp;#27;[0m&amp;#27;[32m button&amp;#27;[0m                                                                  &amp;#27;[90m# StepDefinitions.MessageModalSteps.send_message(java.lang.String)&amp;#27;[0m
  &amp;#27;[32mWhen &amp;#27;[0m&amp;#27;[32mI scrool down page&amp;#27;[0m                                                                                &amp;#27;[90m# StepDefinitions.ContactsSteps.scrool_down_page()&amp;#27;[0m
  &amp;#27;[32mWhen &amp;#27;[0m&amp;#27;[32mI fill in &amp;#27;[0m&amp;#27;[32m&amp;#27;[1m&quot;Full_Name&quot;&amp;#27;[0m&amp;#27;[32m field with &amp;#27;[0m&amp;#27;[32m&amp;#27;[1m&quot;nameTest&quot;&amp;#27;[0m&amp;#27;[32m value&amp;#27;[0m                                                 &amp;#27;[90m# StepDefinitions.MessageModalSteps.fill_field(java.lang.String,java.lang.String)&amp;#27;[0m
  &amp;#27;[32mWhen &amp;#27;[0m&amp;#27;[32mI fill in &amp;#27;[0m&amp;#27;[32m&amp;#27;[1m&quot;Email&quot;&amp;#27;[0m&amp;#27;[32m field with &amp;#27;[0m&amp;#27;[32m&amp;#27;[1m&quot;email@test.com&quot;&amp;#27;[0m&amp;#27;[32m value&amp;#27;[0m                                               &amp;#27;[90m# StepDefinitions.MessageModalSteps.fill_field(java.lang.String,java.lang.String)&amp;#27;[0m
  &amp;#27;[32mWhen &amp;#27;[0m&amp;#27;[32mI fill in &amp;#27;[0m&amp;#27;[32m&amp;#27;[1m&quot;Phone&quot;&amp;#27;[0m&amp;#27;[32m field with &amp;#27;[0m&amp;#27;[32m&amp;#27;[1m&quot;123456789&quot;&amp;#27;[0m&amp;#27;[32m value&amp;#27;[0m                                                    &amp;#27;[90m# StepDefinitions.MessageModalSteps.fill_field(java.lang.String,java.lang.String)&amp;#27;[0m
  &amp;#27;[32mWhen &amp;#27;[0m&amp;#27;[32mI fill in &amp;#27;[0m&amp;#27;[32m&amp;#27;[1m&quot;Company&quot;&amp;#27;[0m&amp;#27;[32m field with &amp;#27;[0m&amp;#27;[32m&amp;#27;[1m&quot;testCompany&quot;&amp;#27;[0m&amp;#27;[32m value&amp;#27;[0m                                                &amp;#27;[90m# StepDefinitions.MessageModalSteps.fill_field(java.lang.String,java.lang.String)&amp;#27;[0m
  &amp;#27;[32mWhen &amp;#27;[0m&amp;#27;[32mI fill in &amp;#27;[0m&amp;#27;[32m&amp;#27;[1m&quot;Description&quot;&amp;#27;[0m&amp;#27;[32m field with &amp;#27;[0m&amp;#27;[32m&amp;#27;[1m&quot;testingtestingtestingtesting&quot;&amp;#27;[0m&amp;#27;[32m value&amp;#27;[0m                           &amp;#27;[90m# StepDefinitions.MessageModalSteps.fill_field(java.lang.String,java.lang.String)&amp;#27;[0m
  &amp;#27;[32mWhen &amp;#27;[0m&amp;#27;[32mI check the I agree to checkbox&amp;#27;[0m                                                                   &amp;#27;[90m# StepDefinitions.MessageModalSteps.check_checkbox()&amp;#27;[0m
Error while interacting with the element: Element &lt;button class=&quot;Button_button__k9F7A Button_yellow__zUx2d ContactForm_save__nKOLv undefined Button_eng__VMlwB&quot; type=&quot;submit&quot;&gt; is not clickable at point (530,30) because another element &lt;div class=&quot;Logo_logo__oGIB8 NavMenu_logo___kegW&quot;&gt; obscures it
Build info: version: &apos;4.11.0&apos;, revision: &apos;040bc5406b&apos;
System info: os.name: &apos;Linux&apos;, os.arch: &apos;amd64&apos;, os.version: &apos;5.15.0-83-generic&apos;, java.version: &apos;11.0.20.1&apos;
Driver info: org.openqa.selenium.firefox.FirefoxDriver
Command: [b0207f82-2f66-434f-a1e3-854ca68dd289, clickElement {id=bfcf8b1b-e3d9-4964-ad65-95ff21c20ba2}]
Capabilities {acceptInsecureCerts: true, browserName: firefox, browserVersion: 117.0, moz:accessibilityChecks: false, moz:buildID: 20230824132758, moz:debuggerAddress: 127.0.0.1:13533, moz:geckodriverVersion: 0.33.0, moz:headless: false, moz:platformVersion: 5.15.0-83-generic, moz:processID: 170812, moz:profile: /tmp/rust_mozprofileVNREQC, moz:shutdownTimeout: 60000, moz:webdriverClick: true, moz:windowless: false, pageLoadStrategy: normal, platformName: linux, proxy: Proxy(), se:cdp: ws://127.0.0.1:13533/devtoo..., se:cdpVersion: 85.0, setWindowRect: true, strictFileInteractability: false, timeouts: {implicit: 0, pageLoad: 300000, script: 30000}, unhandledPromptBehavior: dismiss and notify}
Element: [[FirefoxDriver: firefox on linux (b0207f82-2f66-434f-a1e3-854ca68dd289)] -&gt; xpath: //div[contains(@class,&apos;Contact_container__KZnxh&apos;)]//button[contains(@type,&apos;submit&apos;)][normalize-space()=&apos;Send Message&apos;]]
Session ID: b0207f82-2f66-434f-a1e3-854ca68dd289
  &amp;#27;[32mWhen &amp;#27;[0m&amp;#27;[32mI click on the &amp;#27;[0m&amp;#27;[32m&amp;#27;[1m&quot;Send_Message&quot;&amp;#27;[0m&amp;#27;[32m button&amp;#27;[0m                                                              &amp;#27;[90m# StepDefinitions.MessageModalSteps.send_message(java.lang.String)&amp;#27;[0m
  &amp;#27;[31mThen &amp;#27;[0m&amp;#27;[31mI should see the succsessfuly message &amp;#27;[0m&amp;#27;[31m&amp;#27;[1m&quot;Your message has been sent successfully.&quot;&amp;#27;[0m&amp;#27;[31m on Contacts page&amp;#27;[0m &amp;#27;[90m# StepDefinitions.ContactsSteps.verify_successful_message(java.lang.String)&amp;#27;[0m
      &amp;#27;[31morg.openqa.selenium.NoSuchElementException: Unable to locate element: //div[8]/div/div/div/div/div[1]/div[3]/p[normalize-space()=&apos;Your message has been sent successfully.&apos;]
For documentation on this error, please visit: https://www.selenium.dev/documentation/webdriver/troubleshooting/errors#no-such-element-exception
Build info: version: &apos;4.11.0&apos;, revision: &apos;040bc5406b&apos;
System info: os.name: &apos;Linux&apos;, os.arch: &apos;amd64&apos;, os.version: &apos;5.15.0-83-generic&apos;, java.version: &apos;11.0.20.1&apos;
Driver info: org.openqa.selenium.firefox.FirefoxDriver
Command: [b0207f82-2f66-434f-a1e3-854ca68dd289, findElement {using=xpath, value=//div[8]/div/div/div/div/div[1]/div[3]/p[normalize-space()=&apos;Your message has been sent successfully.&apos;]}]
Capabilities {acceptInsecureCerts: true, browserName: firefox, browserVersion: 117.0, moz:accessibilityChecks: false, moz:buildID: 20230824132758, moz:debuggerAddress: 127.0.0.1:13533, moz:geckodriverVersion: 0.33.0, moz:headless: false, moz:platformVersion: 5.15.0-83-generic, moz:processID: 170812, moz:profile: /tmp/rust_mozprofileVNREQC, moz:shutdownTimeout: 60000, moz:webdriverClick: true, moz:windowless: false, pageLoadStrategy: normal, platformName: linux, proxy: Proxy(), se:cdp: ws://127.0.0.1:13533/devtoo..., se:cdpVersion: 85.0, setWindowRect: true, strictFileInteractability: false, timeouts: {implicit: 0, pageLoad: 300000, script: 30000}, unhandledPromptBehavior: dismiss and notify}
Session ID: b0207f82-2f66-434f-a1e3-854ca68dd289
	at java.base/jdk.internal.reflect.NativeConstructorAccessorImpl.newInstance0(Native Method)
	at java.base/jdk.internal.reflect.NativeConstructorAccessorImpl.newInstance(NativeConstructorAccessorImpl.java:62)
	at java.base/jdk.internal.reflect.DelegatingConstructorAccessorImpl.newInstance(DelegatingConstructorAccessorImpl.java:45)
	at java.base/java.lang.reflect.Constructor.newInstance(Constructor.java:490)
	at org.openqa.selenium.remote.codec.w3c.W3CHttpResponseCodec.createException(W3CHttpResponseCodec.java:200)
	at org.openqa.selenium.remote.codec.w3c.W3CHttpResponseCodec.decode(W3CHttpResponseCodec.java:133)
	at org.openqa.selenium.remote.codec.w3c.W3CHttpResponseCodec.decode(W3CHttpResponseCodec.java:52)
	at org.openqa.selenium.remote.HttpCommandExecutor.execute(HttpCommandExecutor.java:191)
	at org.openqa.selenium.remote.service.DriverCommandExecutor.invokeExecute(DriverCommandExecutor.java:196)
	at org.openqa.selenium.remote.service.DriverCommandExecutor.execute(DriverCommandExecutor.java:171)
	at org.openqa.selenium.remote.RemoteWebDriver.execute(RemoteWebDriver.java:518)
	at org.openqa.selenium.remote.ElementLocation$ElementFinder$2.findElement(ElementLocation.java:165)
	at org.openqa.selenium.remote.ElementLocation.findElement(ElementLocation.java:59)
	at org.openqa.selenium.remote.RemoteWebDriver.findElement(RemoteWebDriver.java:355)
	at org.openqa.selenium.remote.RemoteWebDriver.findElement(RemoteWebDriver.java:349)
	at PageObject.Contacts.ResponseMessageFromContacts(Contacts.java:25)
	at StepDefinitions.ContactsSteps.verify_successful_message(ContactsSteps.java:28)
	at ✽.I should see the succsessfuly message &quot;Your message has been sent successfully.&quot; on Contacts page(file:///home/david/Desktop/Tesvan-%20auto/tesvan_auto/src/test/features/Contacts.feature:24)
&amp;#27;[0m
Close browser
</system-out>
  </testcase>
</testsuite>