<?xml version="1.0" encoding="UTF-8" ?>
<testsuite tests="1" failures="0" name="TestRunner.RunnerTest" time="30.358" errors="1" skipped="0">
  <properties>
    <property name="java.runtime.name" value="OpenJDK Runtime Environment"/>
    <property name="java.vm.version" value="11.0.20.1+1-post-Ubuntu-0ubuntu120.04"/>
    <property name="sun.boot.library.path" value="/usr/lib/jvm/java-11-openjdk-amd64/lib"/>
    <property name="maven.multiModuleProjectDirectory" value="/home/david/Desktop/Tesvan- auto/tesvan_auto"/>
    <property name="java.vm.vendor" value="Ubuntu"/>
    <property name="java.vendor.url" value="https://ubuntu.com/"/>
    <property name="guice.disable.misplaced.annotation.check" value="true"/>
    <property name="path.separator" value=":"/>
    <property name="java.vm.name" value="OpenJDK 64-Bit Server VM"/>
    <property name="sun.os.patch.level" value="unknown"/>
    <property name="user.country" value="US"/>
    <property name="sun.java.launcher" value="SUN_STANDARD"/>
    <property name="java.vm.specification.name" value="Java Virtual Machine Specification"/>
    <property name="user.dir" value="/home/david/Desktop/Tesvan- auto/tesvan_auto"/>
    <property name="java.vm.compressedOopsMode" value="Zero based"/>
    <property name="java.runtime.version" value="11.0.20.1+1-post-Ubuntu-0ubuntu120.04"/>
    <property name="java.awt.graphicsenv" value="sun.awt.X11GraphicsEnvironment"/>
    <property name="os.arch" value="amd64"/>
    <property name="java.io.tmpdir" value="/tmp"/>
    <property name="line.separator" value="
"/>
    <property name="java.vm.specification.vendor" value="Oracle Corporation"/>
    <property name="os.name" value="Linux"/>
    <property name="classworlds.conf" value="/usr/share/maven/bin/m2.conf"/>
    <property name="sun.jnu.encoding" value="UTF-8"/>
    <property name="java.library.path" value="/usr/java/packages/lib:/usr/lib/x86_64-linux-gnu/jni:/lib/x86_64-linux-gnu:/usr/lib/x86_64-linux-gnu:/usr/lib/jni:/lib:/usr/lib"/>
    <property name="maven.conf" value="/usr/share/maven/conf"/>
    <property name="jdk.debug" value="release"/>
    <property name="java.class.version" value="55.0"/>
    <property name="java.specification.name" value="Java Platform API Specification"/>
    <property name="sun.management.compiler" value="HotSpot 64-Bit Tiered Compilers"/>
    <property name="os.version" value="5.15.0-83-generic"/>
    <property name="library.jansi.path" value="/usr/share/maven/lib/jansi-native"/>
    <property name="user.home" value="/home/david"/>
    <property name="user.timezone" value="Asia/Yerevan"/>
    <property name="java.awt.printerjob" value="sun.print.PSPrinterJob"/>
    <property name="file.encoding" value="UTF-8"/>
    <property name="java.specification.version" value="11"/>
    <property name="user.name" value="david"/>
    <property name="java.class.path" value="/usr/share/maven/boot/plexus-classworlds-2.x.jar"/>
    <property name="java.vm.specification.version" value="11"/>
    <property name="sun.arch.data.model" value="64"/>
    <property name="sun.java.command" value="org.codehaus.plexus.classworlds.launcher.Launcher test"/>
    <property name="java.home" value="/usr/lib/jvm/java-11-openjdk-amd64"/>
    <property name="user.language" value="en"/>
    <property name="java.specification.vendor" value="Oracle Corporation"/>
    <property name="awt.toolkit" value="sun.awt.X11.XToolkit"/>
    <property name="java.vm.info" value="mixed mode, sharing"/>
    <property name="java.version" value="11.0.20.1"/>
    <property name="securerandom.source" value="file:/dev/./urandom"/>
    <property name="java.vendor" value="Ubuntu"/>
    <property name="java.specification.maintenance.version" value="2"/>
    <property name="maven.home" value="/usr/share/maven"/>
    <property name="file.separator" value="/"/>
    <property name="java.version.date" value="2023-08-24"/>
    <property name="java.vendor.url.bug" value="https://bugs.launchpad.net/ubuntu/+source/openjdk-lts"/>
    <property name="sun.io.unicode.encoding" value="UnicodeLittle"/>
    <property name="sun.cpu.endian" value="little"/>
    <property name="sun.desktop" value="gnome"/>
    <property name="sun.cpu.isalist" value=""/>
  </properties>
  <testcase classname="As A user I want to send message #1" name="Send a message with valid data" time="30.358">
    <error message="Unable to locate element: //div[8]/div/div/div/div/div[1]/div[3]/p[normalize-space()=&apos;Your message has been sent successfully.&apos;]
For documentation on this error, please visit: https://www.selenium.dev/documentation/webdriver/troubleshooting/errors#no-such-element-exception
Build info: version: &apos;4.11.0&apos;, revision: &apos;040bc5406b&apos;
System info: os.name: &apos;Linux&apos;, os.arch: &apos;amd64&apos;, os.version: &apos;5.15.0-83-generic&apos;, java.version: &apos;11.0.20.1&apos;
Driver info: org.openqa.selenium.firefox.FirefoxDriver
Command: [b0207f82-2f66-434f-a1e3-854ca68dd289, findElement {using=xpath, value=//div[8]/div/div/div/div/div[1]/div[3]/p[normalize-space()=&apos;Your message has been sent successfully.&apos;]}]
Capabilities {acceptInsecureCerts: true, browserName: firefox, browserVersion: 117.0, moz:accessibilityChecks: false, moz:buildID: 20230824132758, moz:debuggerAddress: 127.0.0.1:13533, moz:geckodriverVersion: 0.33.0, moz:headless: false, moz:platformVersion: 5.15.0-83-generic, moz:processID: 170812, moz:profile: /tmp/rust_mozprofileVNREQC, moz:shutdownTimeout: 60000, moz:webdriverClick: true, moz:windowless: false, pageLoadStrategy: normal, platformName: linux, proxy: Proxy(), se:cdp: ws://127.0.0.1:13533/devtoo..., se:cdpVersion: 85.0, setWindowRect: true, strictFileInteractability: false, timeouts: {implicit: 0, pageLoad: 300000, script: 30000}, unhandledPromptBehavior: dismiss and notify}
Session ID: b0207f82-2f66-434f-a1e3-854ca68dd289" type="org.openqa.selenium.NoSuchElementException">org.openqa.selenium.NoSuchElementException: Unable to locate element: //div[8]/div/div/div/div/div[1]/div[3]/p[normalize-space()=&apos;Your message has been sent successfully.&apos;]
For documentation on this error, please visit: https://www.selenium.dev/documentation/webdriver/troubleshooting/errors#no-such-element-exception
Build info: version: &apos;4.11.0&apos;, revision: &apos;040bc5406b&apos;
System info: os.name: &apos;Linux&apos;, os.arch: &apos;amd64&apos;, os.version: &apos;5.15.0-83-generic&apos;, java.version: &apos;11.0.20.1&apos;
Driver info: org.openqa.selenium.firefox.FirefoxDriver
Command: [b0207f82-2f66-434f-a1e3-854ca68dd289, findElement {using=xpath, value=//div[8]/div/div/div/div/div[1]/div[3]/p[normalize-space()=&apos;Your message has been sent successfully.&apos;]}]
Capabilities {acceptInsecureCerts: true, browserName: firefox, browserVersion: 117.0, moz:accessibilityChecks: false, moz:buildID: 20230824132758, moz:debuggerAddress: 127.0.0.1:13533, moz:geckodriverVersion: 0.33.0, moz:headless: false, moz:platformVersion: 5.15.0-83-generic, moz:processID: 170812, moz:profile: /tmp/rust_mozprofileVNREQC, moz:shutdownTimeout: 60000, moz:webdriverClick: true, moz:windowless: false, pageLoadStrategy: normal, platformName: linux, proxy: Proxy(), se:cdp: ws://127.0.0.1:13533/devtoo..., se:cdpVersion: 85.0, setWindowRect: true, strictFileInteractability: false, timeouts: {implicit: 0, pageLoad: 300000, script: 30000}, unhandledPromptBehavior: dismiss and notify}
Session ID: b0207f82-2f66-434f-a1e3-854ca68dd289
	at java.base/jdk.internal.reflect.NativeConstructorAccessorImpl.newInstance0(Native Method)
	at java.base/jdk.internal.reflect.NativeConstructorAccessorImpl.newInstance(NativeConstructorAccessorImpl.java:62)
	at java.base/jdk.internal.reflect.DelegatingConstructorAccessorImpl.newInstance(DelegatingConstructorAccessorImpl.java:45)
	at java.base/java.lang.reflect.Constructor.newInstance(Constructor.java:490)
	at org.openqa.selenium.remote.codec.w3c.W3CHttpResponseCodec.createException(W3CHttpResponseCodec.java:200)
	at org.openqa.selenium.remote.codec.w3c.W3CHttpResponseCodec.decode(W3CHttpResponseCodec.java:133)
	at org.openqa.selenium.remote.codec.w3c.W3CHttpResponseCodec.decode(W3CHttpResponseCodec.java:52)
	at org.openqa.selenium.remote.HttpCommandExecutor.execute(HttpCommandExecutor.java:191)
	at org.openqa.selenium.remote.service.DriverCommandExecutor.invokeExecute(DriverCommandExecutor.java:196)
	at org.openqa.selenium.remote.service.DriverCommandExecutor.execute(DriverCommandExecutor.java:171)
	at org.openqa.selenium.remote.RemoteWebDriver.execute(RemoteWebDriver.java:518)
	at org.openqa.selenium.remote.ElementLocation$ElementFinder$2.findElement(ElementLocation.java:165)
	at org.openqa.selenium.remote.ElementLocation.findElement(ElementLocation.java:59)
	at org.openqa.selenium.remote.RemoteWebDriver.findElement(RemoteWebDriver.java:355)
	at org.openqa.selenium.remote.RemoteWebDriver.findElement(RemoteWebDriver.java:349)
	at PageObject.Contacts.ResponseMessageFromContacts(Contacts.java:25)
	at StepDefinitions.ContactsSteps.verify_successful_message(ContactsSteps.java:28)
	at ✽.I should see the succsessfuly message &quot;Your message has been sent successfully.&quot; on Contacts page(file:///home/david/Desktop/Tesvan-%20auto/tesvan_auto/src/test/features/Contacts.feature:24)
</error>
    <system-out>
@test
Scenario: Send a message with valid data                                                                 &amp;#27;[90m# src/test/features/Contacts.feature:13&amp;#27;[0m
Open browser
  &amp;#27;[32mGiven &amp;#27;[0m&amp;#27;[32mHome page is open&amp;#27;[0m                                                                                &amp;#27;[90m# StepDefinitions.HomePageSteps.home_page_is_open()&amp;#27;[0m
  &amp;#27;[32mGiven &amp;#27;[0m&amp;#27;[32mThe modal is closed&amp;#27;[0m                                                                              &amp;#27;[90m# StepDefinitions.HomePageSteps.modal_is_closed()&amp;#27;[0m
  &amp;#27;[32mWhen &amp;#27;[0m&amp;#27;[32mI click on the &amp;#27;[0m&amp;#27;[32m&amp;#27;[1m&quot;Contacts&quot;&amp;#27;[0m&amp;#27;[32m button&amp;#27;[0m                                                                  &amp;#27;[90m# StepDefinitions.MessageModalSteps.send_message(java.lang.String)&amp;#27;[0m
  &amp;#27;[32mWhen &amp;#27;[0m&amp;#27;[32mI scrool down page&amp;#27;[0m                                                                                &amp;#27;[90m# StepDefinitions.ContactsSteps.scrool_down_page()&amp;#27;[0m
  &amp;#27;[32mWhen &amp;#27;[0m&amp;#27;[32mI fill in &amp;#27;[0m&amp;#27;[32m&amp;#27;[1m&quot;Full_Name&quot;&amp;#27;[0m&amp;#27;[32m field with &amp;#27;[0m&amp;#27;[32m&amp;#27;[1m&quot;nameTest&quot;&amp;#27;[0m&amp;#27;[32m value&amp;#27;[0m                                                 &amp;#27;[90m# StepDefinitions.MessageModalSteps.fill_field(java.lang.String,java.lang.String)&amp;#27;[0m
  &amp;#27;[32mWhen &amp;#27;[0m&amp;#27;[32mI fill in &amp;#27;[0m&amp;#27;[32m&amp;#27;[1m&quot;Email&quot;&amp;#27;[0m&amp;#27;[32m field with &amp;#27;[0m&amp;#27;[32m&amp;#27;[1m&quot;email@test.com&quot;&amp;#27;[0m&amp;#27;[32m value&amp;#27;[0m                                               &amp;#27;[90m# StepDefinitions.MessageModalSteps.fill_field(java.lang.String,java.lang.String)&amp;#27;[0m
  &amp;#27;[32mWhen &amp;#27;[0m&amp;#27;[32mI fill in &amp;#27;[0m&amp;#27;[32m&amp;#27;[1m&quot;Phone&quot;&amp;#27;[0m&amp;#27;[32m field with &amp;#27;[0m&amp;#27;[32m&amp;#27;[1m&quot;123456789&quot;&amp;#27;[0m&amp;#27;[32m value&amp;#27;[0m                                                    &amp;#27;[90m# StepDefinitions.MessageModalSteps.fill_field(java.lang.String,java.lang.String)&amp;#27;[0m
  &amp;#27;[32mWhen &amp;#27;[0m&amp;#27;[32mI fill in &amp;#27;[0m&amp;#27;[32m&amp;#27;[1m&quot;Company&quot;&amp;#27;[0m&amp;#27;[32m field with &amp;#27;[0m&amp;#27;[32m&amp;#27;[1m&quot;testCompany&quot;&amp;#27;[0m&amp;#27;[32m value&amp;#27;[0m                                                &amp;#27;[90m# StepDefinitions.MessageModalSteps.fill_field(java.lang.String,java.lang.String)&amp;#27;[0m
  &amp;#27;[32mWhen &amp;#27;[0m&amp;#27;[32mI fill in &amp;#27;[0m&amp;#27;[32m&amp;#27;[1m&quot;Description&quot;&amp;#27;[0m&amp;#27;[32m field with &amp;#27;[0m&amp;#27;[32m&amp;#27;[1m&quot;testingtestingtestingtesting&quot;&amp;#27;[0m&amp;#27;[32m value&amp;#27;[0m                           &amp;#27;[90m# StepDefinitions.MessageModalSteps.fill_field(java.lang.String,java.lang.String)&amp;#27;[0m
  &amp;#27;[32mWhen &amp;#27;[0m&amp;#27;[32mI check the I agree to checkbox&amp;#27;[0m                                                                   &amp;#27;[90m# StepDefinitions.MessageModalSteps.check_checkbox()&amp;#27;[0m
Error while interacting with the element: Element &lt;button class=&quot;Button_button__k9F7A Button_yellow__zUx2d ContactForm_save__nKOLv undefined Button_eng__VMlwB&quot; type=&quot;submit&quot;&gt; is not clickable at point (530,30) because another element &lt;div class=&quot;Logo_logo__oGIB8 NavMenu_logo___kegW&quot;&gt; obscures it
Build info: version: &apos;4.11.0&apos;, revision: &apos;040bc5406b&apos;
System info: os.name: &apos;Linux&apos;, os.arch: &apos;amd64&apos;, os.version: &apos;5.15.0-83-generic&apos;, java.version: &apos;11.0.20.1&apos;
Driver info: org.openqa.selenium.firefox.FirefoxDriver
Command: [b0207f82-2f66-434f-a1e3-854ca68dd289, clickElement {id=bfcf8b1b-e3d9-4964-ad65-95ff21c20ba2}]
Capabilities {acceptInsecureCerts: true, browserName: firefox, browserVersion: 117.0, moz:accessibilityChecks: false, moz:buildID: 20230824132758, moz:debuggerAddress: 127.0.0.1:13533, moz:geckodriverVersion: 0.33.0, moz:headless: false, moz:platformVersion: 5.15.0-83-generic, moz:processID: 170812, moz:profile: /tmp/rust_mozprofileVNREQC, moz:shutdownTimeout: 60000, moz:webdriverClick: true, moz:windowless: false, pageLoadStrategy: normal, platformName: linux, proxy: Proxy(), se:cdp: ws://127.0.0.1:13533/devtoo..., se:cdpVersion: 85.0, setWindowRect: true, strictFileInteractability: false, timeouts: {implicit: 0, pageLoad: 300000, script: 30000}, unhandledPromptBehavior: dismiss and notify}
Element: [[FirefoxDriver: firefox on linux (b0207f82-2f66-434f-a1e3-854ca68dd289)] -&gt; xpath: //div[contains(@class,&apos;Contact_container__KZnxh&apos;)]//button[contains(@type,&apos;submit&apos;)][normalize-space()=&apos;Send Message&apos;]]
Session ID: b0207f82-2f66-434f-a1e3-854ca68dd289
  &amp;#27;[32mWhen &amp;#27;[0m&amp;#27;[32mI click on the &amp;#27;[0m&amp;#27;[32m&amp;#27;[1m&quot;Send_Message&quot;&amp;#27;[0m&amp;#27;[32m button&amp;#27;[0m                                                              &amp;#27;[90m# StepDefinitions.MessageModalSteps.send_message(java.lang.String)&amp;#27;[0m
  &amp;#27;[31mThen &amp;#27;[0m&amp;#27;[31mI should see the succsessfuly message &amp;#27;[0m&amp;#27;[31m&amp;#27;[1m&quot;Your message has been sent successfully.&quot;&amp;#27;[0m&amp;#27;[31m on Contacts page&amp;#27;[0m &amp;#27;[90m# StepDefinitions.ContactsSteps.verify_successful_message(java.lang.String)&amp;#27;[0m
      &amp;#27;[31morg.openqa.selenium.NoSuchElementException: Unable to locate element: //div[8]/div/div/div/div/div[1]/div[3]/p[normalize-space()=&apos;Your message has been sent successfully.&apos;]
For documentation on this error, please visit: https://www.selenium.dev/documentation/webdriver/troubleshooting/errors#no-such-element-exception
Build info: version: &apos;4.11.0&apos;, revision: &apos;040bc5406b&apos;
System info: os.name: &apos;Linux&apos;, os.arch: &apos;amd64&apos;, os.version: &apos;5.15.0-83-generic&apos;, java.version: &apos;11.0.20.1&apos;
Driver info: org.openqa.selenium.firefox.FirefoxDriver
Command: [b0207f82-2f66-434f-a1e3-854ca68dd289, findElement {using=xpath, value=//div[8]/div/div/div/div/div[1]/div[3]/p[normalize-space()=&apos;Your message has been sent successfully.&apos;]}]
Capabilities {acceptInsecureCerts: true, browserName: firefox, browserVersion: 117.0, moz:accessibilityChecks: false, moz:buildID: 20230824132758, moz:debuggerAddress: 127.0.0.1:13533, moz:geckodriverVersion: 0.33.0, moz:headless: false, moz:platformVersion: 5.15.0-83-generic, moz:processID: 170812, moz:profile: /tmp/rust_mozprofileVNREQC, moz:shutdownTimeout: 60000, moz:webdriverClick: true, moz:windowless: false, pageLoadStrategy: normal, platformName: linux, proxy: Proxy(), se:cdp: ws://127.0.0.1:13533/devtoo..., se:cdpVersion: 85.0, setWindowRect: true, strictFileInteractability: false, timeouts: {implicit: 0, pageLoad: 300000, script: 30000}, unhandledPromptBehavior: dismiss and notify}
Session ID: b0207f82-2f66-434f-a1e3-854ca68dd289
	at java.base/jdk.internal.reflect.NativeConstructorAccessorImpl.newInstance0(Native Method)
	at java.base/jdk.internal.reflect.NativeConstructorAccessorImpl.newInstance(NativeConstructorAccessorImpl.java:62)
	at java.base/jdk.internal.reflect.DelegatingConstructorAccessorImpl.newInstance(DelegatingConstructorAccessorImpl.java:45)
	at java.base/java.lang.reflect.Constructor.newInstance(Constructor.java:490)
	at org.openqa.selenium.remote.codec.w3c.W3CHttpResponseCodec.createException(W3CHttpResponseCodec.java:200)
	at org.openqa.selenium.remote.codec.w3c.W3CHttpResponseCodec.decode(W3CHttpResponseCodec.java:133)
	at org.openqa.selenium.remote.codec.w3c.W3CHttpResponseCodec.decode(W3CHttpResponseCodec.java:52)
	at org.openqa.selenium.remote.HttpCommandExecutor.execute(HttpCommandExecutor.java:191)
	at org.openqa.selenium.remote.service.DriverCommandExecutor.invokeExecute(DriverCommandExecutor.java:196)
	at org.openqa.selenium.remote.service.DriverCommandExecutor.execute(DriverCommandExecutor.java:171)
	at org.openqa.selenium.remote.RemoteWebDriver.execute(RemoteWebDriver.java:518)
	at org.openqa.selenium.remote.ElementLocation$ElementFinder$2.findElement(ElementLocation.java:165)
	at org.openqa.selenium.remote.ElementLocation.findElement(ElementLocation.java:59)
	at org.openqa.selenium.remote.RemoteWebDriver.findElement(RemoteWebDriver.java:355)
	at org.openqa.selenium.remote.RemoteWebDriver.findElement(RemoteWebDriver.java:349)
	at PageObject.Contacts.ResponseMessageFromContacts(Contacts.java:25)
	at StepDefinitions.ContactsSteps.verify_successful_message(ContactsSteps.java:28)
	at ✽.I should see the succsessfuly message &quot;Your message has been sent successfully.&quot; on Contacts page(file:///home/david/Desktop/Tesvan-%20auto/tesvan_auto/src/test/features/Contacts.feature:24)
&amp;#27;[0m
Close browser
</system-out>
  </testcase>
</testsuite>