<?xml version="1.0" encoding="UTF-8"?>
<testsuite xmlns:xsi="http://www.w3.org/2001/XMLSchema-instance" xsi:noNamespaceSchemaLocation="https://maven.apache.org/surefire/maven-surefire-plugin/xsd/surefire-test-report.xsd" name="TestRunner.RunnerTest" time="141.385" tests="7" errors="2" skipped="0" failures="1">
  <properties>
[...]
</properties>
  <testcase name="Send a message with valid data" classname="As A user I want to send message" time="22.581"/>
  <testcase name="Send a message with invalid email format data" classname="As A user I want to send message" time="18.86"/>
  <testcase name="Send a message with invalid description less than 20 characters" classname="As A user I want to send message" time="18.732"/>
  <testcase name="Send a message without checking the &quot;I Agree&quot; checkbox and receive an error" classname="As A user I want to send message" time="18.94"/>
  <testcase name="Verify Social Media Navigation from Contact Information #1" classname="As A user I want to send message" time="17.872">
    <error message="Index 1 out of bounds for length 1" type="java.lang.IndexOutOfBoundsException">java.lang.IndexOutOfBoundsException: Index 1 out of bounds for length 1
</error>
    <system-out><![CDATA[
@test
Scenario Outline: Verify Social Media Navigation from Contact Information &amp#27;[90m# src/test/features/SendMessageModal.feature:66&amp#27;[0m
Open browser
  &amp#27;[32mGiven &amp#27;[0m&amp#27;[32mHome page is open&amp#27;[0m                                                 &amp#27;[90m# StepDefinitions.HomePageSteps.home_page_is_open()&amp#27;[0m
  &amp#27;[32mWhen &amp#27;[0m&amp#27;[32mI click on the &amp#27;[0m&amp#27;[32m&amp#27;[1m"upwork"&amp#27;[0m&amp#27;[32m button&amp#27;[0m                                     &amp#27;[90m# StepDefinitions.MessageSteps.send_message(java.lang.String)&amp#27;[0m
  &amp#27;[31mThen &amp#27;[0m&amp#27;[31mI should be navigate on &amp#27;[0m&amp#27;[31m&amp#27;[1m"https://www.upwork.com/ag/tesvan/"&amp#27;[0m&amp#27;[31m page&amp#27;[0m   &amp#27;[90m# StepDefinitions.MessageSteps.i_should_be_on_social_media_profile_page(java.lang.String)&amp#27;[0m
      &amp#27;[31mjava.lang.IndexOutOfBoundsException: Index 1 out of bounds for length 1
	at java.base/jdk.internal.util.Preconditions.outOfBounds(Preconditions.java:64)
	at java.base/jdk.internal.util.Preconditions.outOfBoundsCheckIndex(Preconditions.java:70)
	at java.base/jdk.internal.util.Preconditions.checkIndex(Preconditions.java:248)
	at java.base/java.util.Objects.checkIndex(Objects.java:372)
	at java.base/java.util.ArrayList.get(ArrayList.java:459)
	at PageObject.SendMessageModal.verifyCurrentUrl(SendMessageModal.java:87)
	at StepDefinitions.MessageSteps.i_should_be_on_social_media_profile_page(MessageSteps.java:57)
	at ✽.I should be navigate on "https://www.upwork.com/ag/tesvan/" page(file:///home/david/Desktop/Tesvan_Project/TesvanProject/src/test/features/SendMessageModal.feature:62)
&amp#27;[0m
Close browser
]]></system-out>
    <system-err><![CDATA[Sep 11, 2023 3:32:50 PM org.openqa.selenium.devtools.CdpVersionFinder findNearestMatch
WARNING: Unable to find an exact match for CDP version 116, so returning the closest version found: 115
]]></system-err>
  </testcase>
  <testcase name="Verify Social Media Navigation from Contact Information #2" classname="As A user I want to send message" time="17.559">
    <error message="Index 1 out of bounds for length 1" type="java.lang.IndexOutOfBoundsException">java.lang.IndexOutOfBoundsException: Index 1 out of bounds for length 1
</error>
    <system-out><![CDATA[
@test
Scenario Outline: Verify Social Media Navigation from Contact Information     &amp#27;[90m# src/test/features/SendMessageModal.feature:67&amp#27;[0m
Open browser
  &amp#27;[32mGiven &amp#27;[0m&amp#27;[32mHome page is open&amp#27;[0m                                                     &amp#27;[90m# StepDefinitions.HomePageSteps.home_page_is_open()&amp#27;[0m
  &amp#27;[32mWhen &amp#27;[0m&amp#27;[32mI click on the &amp#27;[0m&amp#27;[32m&amp#27;[1m"linkedin"&amp#27;[0m&amp#27;[32m button&amp#27;[0m                                       &amp#27;[90m# StepDefinitions.MessageSteps.send_message(java.lang.String)&amp#27;[0m
  &amp#27;[31mThen &amp#27;[0m&amp#27;[31mI should be navigate on &amp#27;[0m&amp#27;[31m&amp#27;[1m"https://www.linkedin.com/company/tesvan"&amp#27;[0m&amp#27;[31m page&amp#27;[0m &amp#27;[90m# StepDefinitions.MessageSteps.i_should_be_on_social_media_profile_page(java.lang.String)&amp#27;[0m
      &amp#27;[31mjava.lang.IndexOutOfBoundsException: Index 1 out of bounds for length 1
	at java.base/jdk.internal.util.Preconditions.outOfBounds(Preconditions.java:64)
	at java.base/jdk.internal.util.Preconditions.outOfBoundsCheckIndex(Preconditions.java:70)
	at java.base/jdk.internal.util.Preconditions.checkIndex(Preconditions.java:248)
	at java.base/java.util.Objects.checkIndex(Objects.java:372)
	at java.base/java.util.ArrayList.get(ArrayList.java:459)
	at PageObject.SendMessageModal.verifyCurrentUrl(SendMessageModal.java:87)
	at StepDefinitions.MessageSteps.i_should_be_on_social_media_profile_page(MessageSteps.java:57)
	at ✽.I should be navigate on "https://www.linkedin.com/company/tesvan" page(file:///home/david/Desktop/Tesvan_Project/TesvanProject/src/test/features/SendMessageModal.feature:62)
&amp#27;[0m
Close browser
]]></system-out>
    <system-err><![CDATA[Sep 11, 2023 3:33:08 PM org.openqa.selenium.devtools.CdpVersionFinder findNearestMatch
WARNING: Unable to find an exact match for CDP version 116, so returning the closest version found: 115
]]></system-err>
  </testcase>
  <testcase name="Verify Social Media Navigation from Contact Information #3" classname="As A user I want to send message" time="24.556">
    <failure message="expected: &lt;https://www.facebook.com/tesvanllc&gt; but was: &lt;https://www.upwork.com/ag/tesvan/&gt;" type="org.opentest4j.AssertionFailedError"><![CDATA[org.opentest4j.AssertionFailedError: expected: <https://www.facebook.com/tesvanllc> but was: <https://www.upwork.com/ag/tesvan/>
]]></failure>
    <system-out><![CDATA[
@test
Scenario Outline: Verify Social Media Navigation from Contact Information &amp#27;[90m# src/test/features/SendMessageModal.feature:68&amp#27;[0m
Open browser
  &amp#27;[32mGiven &amp#27;[0m&amp#27;[32mHome page is open&amp#27;[0m                                                 &amp#27;[90m# StepDefinitions.HomePageSteps.home_page_is_open()&amp#27;[0m
  &amp#27;[32mWhen &amp#27;[0m&amp#27;[32mI click on the &amp#27;[0m&amp#27;[32m&amp#27;[1m"facebook"&amp#27;[0m&amp#27;[32m button&amp#27;[0m                                   &amp#27;[90m# StepDefinitions.MessageSteps.send_message(java.lang.String)&amp#27;[0m
Current URL: https://www.upwork.com/ag/tesvan/
  &amp#27;[31mThen &amp#27;[0m&amp#27;[31mI should be navigate on &amp#27;[0m&amp#27;[31m&amp#27;[1m"https://www.facebook.com/tesvanllc"&amp#27;[0m&amp#27;[31m page&amp#27;[0m  &amp#27;[90m# StepDefinitions.MessageSteps.i_should_be_on_social_media_profile_page(java.lang.String)&amp#27;[0m
      &amp#27;[31morg.opentest4j.AssertionFailedError: expected: <https://www.facebook.com/tesvanllc> but was: <https://www.upwork.com/ag/tesvan/>
	at org.junit.jupiter.api.AssertionFailureBuilder.build(AssertionFailureBuilder.java:151)
	at org.junit.jupiter.api.AssertionFailureBuilder.buildAndThrow(AssertionFailureBuilder.java:132)
	at org.junit.jupiter.api.AssertEquals.failNotEqual(AssertEquals.java:197)
	at org.junit.jupiter.api.AssertEquals.assertEquals(AssertEquals.java:182)
	at org.junit.jupiter.api.AssertEquals.assertEquals(AssertEquals.java:177)
	at org.junit.jupiter.api.Assertions.assertEquals(Assertions.java:1141)
	at StepDefinitions.MessageSteps.i_should_be_on_social_media_profile_page(MessageSteps.java:58)
	at ✽.I should be navigate on "https://www.facebook.com/tesvanllc" page(file:///home/david/Desktop/Tesvan_Project/TesvanProject/src/test/features/SendMessageModal.feature:62)
&amp#27;[0m
Close browser
]]></system-out>
    <system-err><![CDATA[Sep 11, 2023 3:33:26 PM org.openqa.selenium.devtools.CdpVersionFinder findNearestMatch
WARNING: Unable to find an exact match for CDP version 116, so returning the closest version found: 115
]]></system-err>
  </testcase>
</testsuite>