{
  "uid" : "169814062f9397ca",
  "name" : "Verify Applying for the Sales Specialist Position",
  "fullName" : "src/test/features/Careers.feature:17",
  "historyId" : "e7dd6dc8ef3c7506c67f3a07284a24e9",
  "time" : {
    "start" : 1694344036285,
    "stop" : 1694344063192,
    "duration" : 26907
  },
  "status" : "skipped",
  "statusMessage" : "Undefined Step. Please add step definition",
  "statusTrace" : "java.lang.IllegalStateException: Undefined Step. Please add step definition\n\tat io.qameta.allure.cucumber7jvm.AllureCucumber7Jvm.handlePickleStep(AllureCucumber7Jvm.java:423)\n\tat io.qameta.allure.cucumber7jvm.AllureCucumber7Jvm.handleTestStepFinished(AllureCucumber7Jvm.java:251)\n\tat io.cucumber.core.eventbus.AbstractEventPublisher.send(AbstractEventPublisher.java:51)\n\tat io.cucumber.core.eventbus.AbstractEventBus.send(AbstractEventBus.java:12)\n\tat io.cucumber.core.runtime.SynchronizedEventBus.send(SynchronizedEventBus.java:47)\n\tat io.cucumber.core.runtime.ThreadLocalRunnerSupplier$LocalEventBus.send(ThreadLocalRunnerSupplier.java:62)\n\tat io.cucumber.core.runner.TestStep.emitTestStepFinished(TestStep.java:116)\n\tat io.cucumber.core.runner.TestStep.run(TestStep.java:67)\n\tat io.cucumber.core.runner.PickleStepTestStep.run(PickleStepTestStep.java:51)\n\tat io.cucumber.core.runner.TestCase.run(TestCase.java:84)\n\tat io.cucumber.core.runner.Runner.runPickle(Runner.java:75)\n\tat io.cucumber.junit.PickleRunners$NoStepDescriptions.lambda$run$0(PickleRunners.java:151)\n\tat io.cucumber.core.runtime.CucumberExecutionContext.lambda$runTestCase$5(CucumberExecutionContext.java:137)\n\tat io.cucumber.core.runtime.RethrowingThrowableCollector.executeAndThrow(RethrowingThrowableCollector.java:23)\n\tat io.cucumber.core.runtime.CucumberExecutionContext.runTestCase(CucumberExecutionContext.java:137)\n\tat io.cucumber.junit.PickleRunners$NoStepDescriptions.run(PickleRunners.java:148)\n\tat io.cucumber.junit.FeatureRunner.runChild(FeatureRunner.java:144)\n\tat io.cucumber.junit.FeatureRunner.runChild(FeatureRunner.java:28)\n\tat org.junit.runners.ParentRunner$4.run(ParentRunner.java:331)\n\tat org.junit.runners.ParentRunner$1.schedule(ParentRunner.java:79)\n\tat org.junit.runners.ParentRunner.runChildren(ParentRunner.java:329)\n\tat org.junit.runners.ParentRunner.access$100(ParentRunner.java:66)\n\tat org.junit.runners.ParentRunner$2.evaluate(ParentRunner.java:293)\n\tat org.junit.runners.ParentRunner$3.evaluate(ParentRunner.java:306)\n\tat org.junit.runners.ParentRunner.run(ParentRunner.java:413)\n\tat io.cucumber.junit.FeatureRunner.run(FeatureRunner.java:137)\n\tat io.cucumber.junit.Cucumber.runChild(Cucumber.java:196)\n\tat io.cucumber.junit.Cucumber.runChild(Cucumber.java:89)\n\tat org.junit.runners.ParentRunner$4.run(ParentRunner.java:331)\n\tat org.junit.runners.ParentRunner$1.schedule(ParentRunner.java:79)\n\tat org.junit.runners.ParentRunner.runChildren(ParentRunner.java:329)\n\tat org.junit.runners.ParentRunner.access$100(ParentRunner.java:66)\n\tat org.junit.runners.ParentRunner$2.evaluate(ParentRunner.java:293)\n\tat io.cucumber.core.runtime.CucumberExecutionContext.lambda$runFeatures$6(CucumberExecutionContext.java:148)\n\tat io.cucumber.core.runtime.CucumberExecutionContext.execute(CucumberExecutionContext.java:163)\n\tat io.cucumber.core.runtime.CucumberExecutionContext.runFeatures(CucumberExecutionContext.java:146)\n\tat io.cucumber.junit.Cucumber$StartAndFinishTestRun.evaluate(Cucumber.java:226)\n\tat org.junit.runners.ParentRunner$3.evaluate(ParentRunner.java:306)\n\tat org.junit.runners.ParentRunner.run(ParentRunner.java:413)\n\tat org.eclipse.jdt.internal.junit4.runner.JUnit4TestReference.run(JUnit4TestReference.java:93)\n\tat org.eclipse.jdt.internal.junit.runner.TestExecution.run(TestExecution.java:40)\n\tat org.eclipse.jdt.internal.junit.runner.RemoteTestRunner.runTests(RemoteTestRunner.java:529)\n\tat org.eclipse.jdt.internal.junit.runner.RemoteTestRunner.runTests(RemoteTestRunner.java:756)\n\tat org.eclipse.jdt.internal.junit.runner.RemoteTestRunner.run(RemoteTestRunner.java:452)\n\tat org.eclipse.jdt.internal.junit.runner.RemoteTestRunner.main(RemoteTestRunner.java:210)\n",
  "flaky" : false,
  "newFailed" : false,
  "newBroken" : false,
  "newPassed" : false,
  "retriesCount" : 0,
  "retriesStatusChange" : false,
  "beforeStages" : [ {
    "name" : "StepDefinitions.Hooks.initDriver()",
    "time" : {
      "start" : 1694344036292,
      "stop" : 1694344041465,
      "duration" : 5173
    },
    "status" : "passed",
    "steps" : [ ],
    "attachments" : [ ],
    "parameters" : [ ],
    "stepsCount" : 0,
    "attachmentsCount" : 0,
    "shouldDisplayMessage" : false,
    "hasContent" : false
  } ],
  "testStage" : {
    "status" : "skipped",
    "statusMessage" : "Undefined Step. Please add step definition",
    "statusTrace" : "java.lang.IllegalStateException: Undefined Step. Please add step definition\n\tat io.qameta.allure.cucumber7jvm.AllureCucumber7Jvm.handlePickleStep(AllureCucumber7Jvm.java:423)\n\tat io.qameta.allure.cucumber7jvm.AllureCucumber7Jvm.handleTestStepFinished(AllureCucumber7Jvm.java:251)\n\tat io.cucumber.core.eventbus.AbstractEventPublisher.send(AbstractEventPublisher.java:51)\n\tat io.cucumber.core.eventbus.AbstractEventBus.send(AbstractEventBus.java:12)\n\tat io.cucumber.core.runtime.SynchronizedEventBus.send(SynchronizedEventBus.java:47)\n\tat io.cucumber.core.runtime.ThreadLocalRunnerSupplier$LocalEventBus.send(ThreadLocalRunnerSupplier.java:62)\n\tat io.cucumber.core.runner.TestStep.emitTestStepFinished(TestStep.java:116)\n\tat io.cucumber.core.runner.TestStep.run(TestStep.java:67)\n\tat io.cucumber.core.runner.PickleStepTestStep.run(PickleStepTestStep.java:51)\n\tat io.cucumber.core.runner.TestCase.run(TestCase.java:84)\n\tat io.cucumber.core.runner.Runner.runPickle(Runner.java:75)\n\tat io.cucumber.junit.PickleRunners$NoStepDescriptions.lambda$run$0(PickleRunners.java:151)\n\tat io.cucumber.core.runtime.CucumberExecutionContext.lambda$runTestCase$5(CucumberExecutionContext.java:137)\n\tat io.cucumber.core.runtime.RethrowingThrowableCollector.executeAndThrow(RethrowingThrowableCollector.java:23)\n\tat io.cucumber.core.runtime.CucumberExecutionContext.runTestCase(CucumberExecutionContext.java:137)\n\tat io.cucumber.junit.PickleRunners$NoStepDescriptions.run(PickleRunners.java:148)\n\tat io.cucumber.junit.FeatureRunner.runChild(FeatureRunner.java:144)\n\tat io.cucumber.junit.FeatureRunner.runChild(FeatureRunner.java:28)\n\tat org.junit.runners.ParentRunner$4.run(ParentRunner.java:331)\n\tat org.junit.runners.ParentRunner$1.schedule(ParentRunner.java:79)\n\tat org.junit.runners.ParentRunner.runChildren(ParentRunner.java:329)\n\tat org.junit.runners.ParentRunner.access$100(ParentRunner.java:66)\n\tat org.junit.runners.ParentRunner$2.evaluate(ParentRunner.java:293)\n\tat org.junit.runners.ParentRunner$3.evaluate(ParentRunner.java:306)\n\tat org.junit.runners.ParentRunner.run(ParentRunner.java:413)\n\tat io.cucumber.junit.FeatureRunner.run(FeatureRunner.java:137)\n\tat io.cucumber.junit.Cucumber.runChild(Cucumber.java:196)\n\tat io.cucumber.junit.Cucumber.runChild(Cucumber.java:89)\n\tat org.junit.runners.ParentRunner$4.run(ParentRunner.java:331)\n\tat org.junit.runners.ParentRunner$1.schedule(ParentRunner.java:79)\n\tat org.junit.runners.ParentRunner.runChildren(ParentRunner.java:329)\n\tat org.junit.runners.ParentRunner.access$100(ParentRunner.java:66)\n\tat org.junit.runners.ParentRunner$2.evaluate(ParentRunner.java:293)\n\tat io.cucumber.core.runtime.CucumberExecutionContext.lambda$runFeatures$6(CucumberExecutionContext.java:148)\n\tat io.cucumber.core.runtime.CucumberExecutionContext.execute(CucumberExecutionContext.java:163)\n\tat io.cucumber.core.runtime.CucumberExecutionContext.runFeatures(CucumberExecutionContext.java:146)\n\tat io.cucumber.junit.Cucumber$StartAndFinishTestRun.evaluate(Cucumber.java:226)\n\tat org.junit.runners.ParentRunner$3.evaluate(ParentRunner.java:306)\n\tat org.junit.runners.ParentRunner.run(ParentRunner.java:413)\n\tat org.eclipse.jdt.internal.junit4.runner.JUnit4TestReference.run(JUnit4TestReference.java:93)\n\tat org.eclipse.jdt.internal.junit.runner.TestExecution.run(TestExecution.java:40)\n\tat org.eclipse.jdt.internal.junit.runner.RemoteTestRunner.runTests(RemoteTestRunner.java:529)\n\tat org.eclipse.jdt.internal.junit.runner.RemoteTestRunner.runTests(RemoteTestRunner.java:756)\n\tat org.eclipse.jdt.internal.junit.runner.RemoteTestRunner.run(RemoteTestRunner.java:452)\n\tat org.eclipse.jdt.internal.junit.runner.RemoteTestRunner.main(RemoteTestRunner.java:210)\n",
    "steps" : [ {
      "name" : "Given  Home page is open",
      "time" : {
        "start" : 1694344041472,
        "stop" : 1694344058280,
        "duration" : 16808
      },
      "status" : "passed",
      "steps" : [ ],
      "attachments" : [ ],
      "parameters" : [ ],
      "stepsCount" : 0,
      "attachmentsCount" : 0,
      "shouldDisplayMessage" : false,
      "hasContent" : false
    }, {
      "name" : "Given  The modal is closed",
      "time" : {
        "start" : 1694344058286,
        "stop" : 1694344059435,
        "duration" : 1149
      },
      "status" : "passed",
      "steps" : [ ],
      "attachments" : [ ],
      "parameters" : [ ],
      "stepsCount" : 0,
      "attachmentsCount" : 0,
      "shouldDisplayMessage" : false,
      "hasContent" : false
    }, {
      "name" : "When  I hover over the \"Company\" section in the menu bar",
      "time" : {
        "start" : 1694344059436,
        "stop" : 1694344059694,
        "duration" : 258
      },
      "status" : "passed",
      "steps" : [ ],
      "attachments" : [ ],
      "parameters" : [ ],
      "stepsCount" : 0,
      "attachmentsCount" : 0,
      "shouldDisplayMessage" : false,
      "hasContent" : false
    }, {
      "name" : "And  I click on the \"Careers\" button from dropdown",
      "time" : {
        "start" : 1694344059708,
        "stop" : 1694344060001,
        "duration" : 293
      },
      "status" : "passed",
      "steps" : [ ],
      "attachments" : [ ],
      "parameters" : [ ],
      "stepsCount" : 0,
      "attachmentsCount" : 0,
      "shouldDisplayMessage" : false,
      "hasContent" : false
    }, {
      "name" : "Then  I see that the page URL should be contain the \"/company/careers\"",
      "time" : {
        "start" : 1694344060003,
        "stop" : 1694344060540,
        "duration" : 537
      },
      "status" : "passed",
      "steps" : [ ],
      "attachments" : [ ],
      "parameters" : [ ],
      "stepsCount" : 0,
      "attachmentsCount" : 0,
      "shouldDisplayMessage" : false,
      "hasContent" : false
    }, {
      "name" : "And  I \"scroolDown\" page on",
      "time" : {
        "start" : 1694344060540,
        "stop" : 1694344060718,
        "duration" : 178
      },
      "status" : "passed",
      "steps" : [ ],
      "attachments" : [ ],
      "parameters" : [ ],
      "stepsCount" : 0,
      "attachmentsCount" : 0,
      "shouldDisplayMessage" : false,
      "hasContent" : false
    }, {
      "name" : "When  I click on the \"More_Details\" button",
      "time" : {
        "start" : 1694344060720,
        "stop" : 1694344060947,
        "duration" : 227
      },
      "status" : "passed",
      "steps" : [ ],
      "attachments" : [ ],
      "parameters" : [ ],
      "stepsCount" : 0,
      "attachmentsCount" : 0,
      "shouldDisplayMessage" : false,
      "hasContent" : false
    }, {
      "name" : "Then  I see that the page URL should be contain the \"/company/careers/sales_specialist\"",
      "time" : {
        "start" : 1694344060948,
        "stop" : 1694344061976,
        "duration" : 1028
      },
      "status" : "passed",
      "steps" : [ ],
      "attachments" : [ ],
      "parameters" : [ ],
      "stepsCount" : 0,
      "attachmentsCount" : 0,
      "shouldDisplayMessage" : false,
      "hasContent" : false
    }, {
      "name" : "When  I \"scrool_down\" page",
      "time" : {
        "start" : 1694344061977,
        "stop" : 1694344061983,
        "duration" : 6
      },
      "status" : "unknown",
      "statusMessage" : "Undefined Step. Please add step definition",
      "statusTrace" : "java.lang.IllegalStateException: Undefined Step. Please add step definition\n\tat io.qameta.allure.cucumber7jvm.AllureCucumber7Jvm.handlePickleStep(AllureCucumber7Jvm.java:423)\n\tat io.qameta.allure.cucumber7jvm.AllureCucumber7Jvm.handleTestStepFinished(AllureCucumber7Jvm.java:251)\n\tat io.cucumber.core.eventbus.AbstractEventPublisher.send(AbstractEventPublisher.java:51)\n\tat io.cucumber.core.eventbus.AbstractEventBus.send(AbstractEventBus.java:12)\n\tat io.cucumber.core.runtime.SynchronizedEventBus.send(SynchronizedEventBus.java:47)\n\tat io.cucumber.core.runtime.ThreadLocalRunnerSupplier$LocalEventBus.send(ThreadLocalRunnerSupplier.java:62)\n\tat io.cucumber.core.runner.TestStep.emitTestStepFinished(TestStep.java:116)\n\tat io.cucumber.core.runner.TestStep.run(TestStep.java:67)\n\tat io.cucumber.core.runner.PickleStepTestStep.run(PickleStepTestStep.java:51)\n\tat io.cucumber.core.runner.TestCase.run(TestCase.java:84)\n\tat io.cucumber.core.runner.Runner.runPickle(Runner.java:75)\n\tat io.cucumber.junit.PickleRunners$NoStepDescriptions.lambda$run$0(PickleRunners.java:151)\n\tat io.cucumber.core.runtime.CucumberExecutionContext.lambda$runTestCase$5(CucumberExecutionContext.java:137)\n\tat io.cucumber.core.runtime.RethrowingThrowableCollector.executeAndThrow(RethrowingThrowableCollector.java:23)\n\tat io.cucumber.core.runtime.CucumberExecutionContext.runTestCase(CucumberExecutionContext.java:137)\n\tat io.cucumber.junit.PickleRunners$NoStepDescriptions.run(PickleRunners.java:148)\n\tat io.cucumber.junit.FeatureRunner.runChild(FeatureRunner.java:144)\n\tat io.cucumber.junit.FeatureRunner.runChild(FeatureRunner.java:28)\n\tat org.junit.runners.ParentRunner$4.run(ParentRunner.java:331)\n\tat org.junit.runners.ParentRunner$1.schedule(ParentRunner.java:79)\n\tat org.junit.runners.ParentRunner.runChildren(ParentRunner.java:329)\n\tat org.junit.runners.ParentRunner.access$100(ParentRunner.java:66)\n\tat org.junit.runners.ParentRunner$2.evaluate(ParentRunner.java:293)\n\tat org.junit.runners.ParentRunner$3.evaluate(ParentRunner.java:306)\n\tat org.junit.runners.ParentRunner.run(ParentRunner.java:413)\n\tat io.cucumber.junit.FeatureRunner.run(FeatureRunner.java:137)\n\tat io.cucumber.junit.Cucumber.runChild(Cucumber.java:196)\n\tat io.cucumber.junit.Cucumber.runChild(Cucumber.java:89)\n\tat org.junit.runners.ParentRunner$4.run(ParentRunner.java:331)\n\tat org.junit.runners.ParentRunner$1.schedule(ParentRunner.java:79)\n\tat org.junit.runners.ParentRunner.runChildren(ParentRunner.java:329)\n\tat org.junit.runners.ParentRunner.access$100(ParentRunner.java:66)\n\tat org.junit.runners.ParentRunner$2.evaluate(ParentRunner.java:293)\n\tat io.cucumber.core.runtime.CucumberExecutionContext.lambda$runFeatures$6(CucumberExecutionContext.java:148)\n\tat io.cucumber.core.runtime.CucumberExecutionContext.execute(CucumberExecutionContext.java:163)\n\tat io.cucumber.core.runtime.CucumberExecutionContext.runFeatures(CucumberExecutionContext.java:146)\n\tat io.cucumber.junit.Cucumber$StartAndFinishTestRun.evaluate(Cucumber.java:226)\n\tat org.junit.runners.ParentRunner$3.evaluate(ParentRunner.java:306)\n\tat org.junit.runners.ParentRunner.run(ParentRunner.java:413)\n\tat org.eclipse.jdt.internal.junit4.runner.JUnit4TestReference.run(JUnit4TestReference.java:93)\n\tat org.eclipse.jdt.internal.junit.runner.TestExecution.run(TestExecution.java:40)\n\tat org.eclipse.jdt.internal.junit.runner.RemoteTestRunner.runTests(RemoteTestRunner.java:529)\n\tat org.eclipse.jdt.internal.junit.runner.RemoteTestRunner.runTests(RemoteTestRunner.java:756)\n\tat org.eclipse.jdt.internal.junit.runner.RemoteTestRunner.run(RemoteTestRunner.java:452)\n\tat org.eclipse.jdt.internal.junit.runner.RemoteTestRunner.main(RemoteTestRunner.java:210)\n",
      "steps" : [ ],
      "attachments" : [ ],
      "parameters" : [ ],
      "stepsCount" : 0,
      "attachmentsCount" : 0,
      "shouldDisplayMessage" : true,
      "hasContent" : true
    }, {
      "name" : "And  I fill in \"fullName_\" field with \"nameTest\" value",
      "time" : {
        "start" : 1694344061984,
        "stop" : 1694344061986,
        "duration" : 2
      },
      "status" : "skipped",
      "steps" : [ ],
      "attachments" : [ ],
      "parameters" : [ ],
      "stepsCount" : 0,
      "attachmentsCount" : 0,
      "shouldDisplayMessage" : false,
      "hasContent" : false
    }, {
      "name" : "And  I fill in \"email_\" field with \"test@test.com\" value",
      "time" : {
        "start" : 1694344061986,
        "stop" : 1694344061988,
        "duration" : 2
      },
      "status" : "skipped",
      "steps" : [ ],
      "attachments" : [ ],
      "parameters" : [ ],
      "stepsCount" : 0,
      "attachmentsCount" : 0,
      "shouldDisplayMessage" : false,
      "hasContent" : false
    }, {
      "name" : "And  I fill in \"phone_\" field with \"12345678910\" value",
      "time" : {
        "start" : 1694344061990,
        "stop" : 1694344061991,
        "duration" : 1
      },
      "status" : "skipped",
      "steps" : [ ],
      "attachments" : [ ],
      "parameters" : [ ],
      "stepsCount" : 0,
      "attachmentsCount" : 0,
      "shouldDisplayMessage" : false,
      "hasContent" : false
    }, {
      "name" : "And  I check the I agree to checkbox from Careers",
      "time" : {
        "start" : 1694344061992,
        "stop" : 1694344061994,
        "duration" : 2
      },
      "status" : "skipped",
      "steps" : [ ],
      "attachments" : [ ],
      "parameters" : [ ],
      "stepsCount" : 0,
      "attachmentsCount" : 0,
      "shouldDisplayMessage" : false,
      "hasContent" : false
    }, {
      "name" : "And  I click on the \"Apply\" button",
      "time" : {
        "start" : 1694344061995,
        "stop" : 1694344061996,
        "duration" : 1
      },
      "status" : "skipped",
      "steps" : [ ],
      "attachments" : [ ],
      "parameters" : [ ],
      "stepsCount" : 0,
      "attachmentsCount" : 0,
      "shouldDisplayMessage" : false,
      "hasContent" : false
    }, {
      "name" : "Then  I should see the succsessfuly message \".\"",
      "time" : {
        "start" : 1694344061996,
        "stop" : 1694344061998,
        "duration" : 2
      },
      "status" : "skipped",
      "steps" : [ ],
      "attachments" : [ ],
      "parameters" : [ ],
      "stepsCount" : 0,
      "attachmentsCount" : 0,
      "shouldDisplayMessage" : false,
      "hasContent" : false
    } ],
    "attachments" : [ ],
    "parameters" : [ ],
    "stepsCount" : 15,
    "attachmentsCount" : 0,
    "shouldDisplayMessage" : false,
    "hasContent" : true
  },
  "afterStages" : [ {
    "name" : "StepDefinitions.Hooks.teardown()",
    "time" : {
      "start" : 1694344062001,
      "stop" : 1694344063182,
      "duration" : 1181
    },
    "status" : "passed",
    "steps" : [ ],
    "attachments" : [ ],
    "parameters" : [ ],
    "stepsCount" : 0,
    "attachmentsCount" : 0,
    "shouldDisplayMessage" : false,
    "hasContent" : false
  } ],
  "labels" : [ {
    "name" : "tag",
    "value" : "test"
  }, {
    "name" : "host",
    "value" : "david"
  }, {
    "name" : "thread",
    "value" : "74911@david.main(1)"
  }, {
    "name" : "feature",
    "value" : "Careers page functionality"
  }, {
    "name" : "story",
    "value" : "Verify Applying for the Sales Specialist Position"
  }, {
    "name" : "suite",
    "value" : "Careers page functionality"
  }, {
    "name" : "testClass",
    "value" : "Verify Applying for the Sales Specialist Position"
  }, {
    "name" : "framework",
    "value" : "cucumber4jvm"
  }, {
    "name" : "language",
    "value" : "java"
  }, {
    "name" : "gherkin_uri",
    "value" : "file:///home/david/Desktop/Tesvan_Project/TesvanProject/src/test/features/Careers.feature"
  }, {
    "name" : "package",
    "value" : "src.test.features.Careers_feature.Careers page functionality"
  }, {
    "name" : "resultFormat",
    "value" : "allure2"
  } ],
  "parameters" : [ ],
  "links" : [ ],
  "hidden" : true,
  "retry" : true,
  "extra" : {
    "categories" : [ ],
    "tags" : [ "test" ]
  },
  "source" : "169814062f9397ca.json",
  "parameterValues" : [ ]
}