{
  "uid" : "6d61fad7945bc404",
  "name" : "Send a message with invalid email format data",
  "fullName" : "src/test/features/Contacts.feature:28",
  "historyId" : "a820c7a846195892d769f8594f63fc68",
  "time" : {
    "start" : 1694243116233,
    "stop" : 1694243142198,
    "duration" : 25965
  },
  "status" : "skipped",
  "statusMessage" : "Undefined Step. Please add step definition",
  "statusTrace" : "java.lang.IllegalStateException: Undefined Step. Please add step definition\n\tat io.qameta.allure.cucumber7jvm.AllureCucumber7Jvm.handlePickleStep(AllureCucumber7Jvm.java:423)\n\tat io.qameta.allure.cucumber7jvm.AllureCucumber7Jvm.handleTestStepFinished(AllureCucumber7Jvm.java:251)\n\tat io.cucumber.core.eventbus.AbstractEventPublisher.send(AbstractEventPublisher.java:51)\n\tat io.cucumber.core.eventbus.AbstractEventBus.send(AbstractEventBus.java:12)\n\tat io.cucumber.core.runtime.SynchronizedEventBus.send(SynchronizedEventBus.java:47)\n\tat io.cucumber.core.runtime.ThreadLocalRunnerSupplier$LocalEventBus.send(ThreadLocalRunnerSupplier.java:62)\n\tat io.cucumber.core.runner.TestStep.emitTestStepFinished(TestStep.java:116)\n\tat io.cucumber.core.runner.TestStep.run(TestStep.java:67)\n\tat io.cucumber.core.runner.PickleStepTestStep.run(PickleStepTestStep.java:51)\n\tat io.cucumber.core.runner.TestCase.run(TestCase.java:84)\n\tat io.cucumber.core.runner.Runner.runPickle(Runner.java:75)\n\tat io.cucumber.junit.PickleRunners$NoStepDescriptions.lambda$run$0(PickleRunners.java:151)\n\tat io.cucumber.core.runtime.CucumberExecutionContext.lambda$runTestCase$5(CucumberExecutionContext.java:137)\n\tat io.cucumber.core.runtime.RethrowingThrowableCollector.executeAndThrow(RethrowingThrowableCollector.java:23)\n\tat io.cucumber.core.runtime.CucumberExecutionContext.runTestCase(CucumberExecutionContext.java:137)\n\tat io.cucumber.junit.PickleRunners$NoStepDescriptions.run(PickleRunners.java:148)\n\tat io.cucumber.junit.FeatureRunner.runChild(FeatureRunner.java:144)\n\tat io.cucumber.junit.FeatureRunner.runChild(FeatureRunner.java:28)\n\tat org.junit.runners.ParentRunner$4.run(ParentRunner.java:331)\n\tat org.junit.runners.ParentRunner$1.schedule(ParentRunner.java:79)\n\tat org.junit.runners.ParentRunner.runChildren(ParentRunner.java:329)\n\tat org.junit.runners.ParentRunner.access$100(ParentRunner.java:66)\n\tat org.junit.runners.ParentRunner$2.evaluate(ParentRunner.java:293)\n\tat org.junit.runners.ParentRunner$3.evaluate(ParentRunner.java:306)\n\tat org.junit.runners.ParentRunner.run(ParentRunner.java:413)\n\tat io.cucumber.junit.FeatureRunner.run(FeatureRunner.java:137)\n\tat io.cucumber.junit.Cucumber.runChild(Cucumber.java:196)\n\tat io.cucumber.junit.Cucumber.runChild(Cucumber.java:89)\n\tat org.junit.runners.ParentRunner$4.run(ParentRunner.java:331)\n\tat org.junit.runners.ParentRunner$1.schedule(ParentRunner.java:79)\n\tat org.junit.runners.ParentRunner.runChildren(ParentRunner.java:329)\n\tat org.junit.runners.ParentRunner.access$100(ParentRunner.java:66)\n\tat org.junit.runners.ParentRunner$2.evaluate(ParentRunner.java:293)\n\tat io.cucumber.core.runtime.CucumberExecutionContext.lambda$runFeatures$6(CucumberExecutionContext.java:148)\n\tat io.cucumber.core.runtime.CucumberExecutionContext.execute(CucumberExecutionContext.java:163)\n\tat io.cucumber.core.runtime.CucumberExecutionContext.runFeatures(CucumberExecutionContext.java:146)\n\tat io.cucumber.junit.Cucumber$StartAndFinishTestRun.evaluate(Cucumber.java:226)\n\tat org.junit.runners.ParentRunner$3.evaluate(ParentRunner.java:306)\n\tat org.junit.runners.ParentRunner.run(ParentRunner.java:413)\n\tat org.eclipse.jdt.internal.junit4.runner.JUnit4TestReference.run(JUnit4TestReference.java:93)\n\tat org.eclipse.jdt.internal.junit.runner.TestExecution.run(TestExecution.java:40)\n\tat org.eclipse.jdt.internal.junit.runner.RemoteTestRunner.runTests(RemoteTestRunner.java:529)\n\tat org.eclipse.jdt.internal.junit.runner.RemoteTestRunner.runTests(RemoteTestRunner.java:756)\n\tat org.eclipse.jdt.internal.junit.runner.RemoteTestRunner.run(RemoteTestRunner.java:452)\n\tat org.eclipse.jdt.internal.junit.runner.RemoteTestRunner.main(RemoteTestRunner.java:210)\n",
  "flaky" : false,
  "newFailed" : false,
  "newBroken" : false,
  "newPassed" : false,
  "retriesCount" : 0,
  "retriesStatusChange" : false,
  "beforeStages" : [ {
    "name" : "StepDefinitions.Hooks.initDriver()",
    "time" : {
      "start" : 1694243116241,
      "stop" : 1694243121293,
      "duration" : 5052
    },
    "status" : "passed",
    "steps" : [ ],
    "attachments" : [ ],
    "parameters" : [ ],
    "stepsCount" : 0,
    "attachmentsCount" : 0,
    "shouldDisplayMessage" : false,
    "hasContent" : false
  } ],
  "testStage" : {
    "status" : "skipped",
    "statusMessage" : "Undefined Step. Please add step definition",
    "statusTrace" : "java.lang.IllegalStateException: Undefined Step. Please add step definition\n\tat io.qameta.allure.cucumber7jvm.AllureCucumber7Jvm.handlePickleStep(AllureCucumber7Jvm.java:423)\n\tat io.qameta.allure.cucumber7jvm.AllureCucumber7Jvm.handleTestStepFinished(AllureCucumber7Jvm.java:251)\n\tat io.cucumber.core.eventbus.AbstractEventPublisher.send(AbstractEventPublisher.java:51)\n\tat io.cucumber.core.eventbus.AbstractEventBus.send(AbstractEventBus.java:12)\n\tat io.cucumber.core.runtime.SynchronizedEventBus.send(SynchronizedEventBus.java:47)\n\tat io.cucumber.core.runtime.ThreadLocalRunnerSupplier$LocalEventBus.send(ThreadLocalRunnerSupplier.java:62)\n\tat io.cucumber.core.runner.TestStep.emitTestStepFinished(TestStep.java:116)\n\tat io.cucumber.core.runner.TestStep.run(TestStep.java:67)\n\tat io.cucumber.core.runner.PickleStepTestStep.run(PickleStepTestStep.java:51)\n\tat io.cucumber.core.runner.TestCase.run(TestCase.java:84)\n\tat io.cucumber.core.runner.Runner.runPickle(Runner.java:75)\n\tat io.cucumber.junit.PickleRunners$NoStepDescriptions.lambda$run$0(PickleRunners.java:151)\n\tat io.cucumber.core.runtime.CucumberExecutionContext.lambda$runTestCase$5(CucumberExecutionContext.java:137)\n\tat io.cucumber.core.runtime.RethrowingThrowableCollector.executeAndThrow(RethrowingThrowableCollector.java:23)\n\tat io.cucumber.core.runtime.CucumberExecutionContext.runTestCase(CucumberExecutionContext.java:137)\n\tat io.cucumber.junit.PickleRunners$NoStepDescriptions.run(PickleRunners.java:148)\n\tat io.cucumber.junit.FeatureRunner.runChild(FeatureRunner.java:144)\n\tat io.cucumber.junit.FeatureRunner.runChild(FeatureRunner.java:28)\n\tat org.junit.runners.ParentRunner$4.run(ParentRunner.java:331)\n\tat org.junit.runners.ParentRunner$1.schedule(ParentRunner.java:79)\n\tat org.junit.runners.ParentRunner.runChildren(ParentRunner.java:329)\n\tat org.junit.runners.ParentRunner.access$100(ParentRunner.java:66)\n\tat org.junit.runners.ParentRunner$2.evaluate(ParentRunner.java:293)\n\tat org.junit.runners.ParentRunner$3.evaluate(ParentRunner.java:306)\n\tat org.junit.runners.ParentRunner.run(ParentRunner.java:413)\n\tat io.cucumber.junit.FeatureRunner.run(FeatureRunner.java:137)\n\tat io.cucumber.junit.Cucumber.runChild(Cucumber.java:196)\n\tat io.cucumber.junit.Cucumber.runChild(Cucumber.java:89)\n\tat org.junit.runners.ParentRunner$4.run(ParentRunner.java:331)\n\tat org.junit.runners.ParentRunner$1.schedule(ParentRunner.java:79)\n\tat org.junit.runners.ParentRunner.runChildren(ParentRunner.java:329)\n\tat org.junit.runners.ParentRunner.access$100(ParentRunner.java:66)\n\tat org.junit.runners.ParentRunner$2.evaluate(ParentRunner.java:293)\n\tat io.cucumber.core.runtime.CucumberExecutionContext.lambda$runFeatures$6(CucumberExecutionContext.java:148)\n\tat io.cucumber.core.runtime.CucumberExecutionContext.execute(CucumberExecutionContext.java:163)\n\tat io.cucumber.core.runtime.CucumberExecutionContext.runFeatures(CucumberExecutionContext.java:146)\n\tat io.cucumber.junit.Cucumber$StartAndFinishTestRun.evaluate(Cucumber.java:226)\n\tat org.junit.runners.ParentRunner$3.evaluate(ParentRunner.java:306)\n\tat org.junit.runners.ParentRunner.run(ParentRunner.java:413)\n\tat org.eclipse.jdt.internal.junit4.runner.JUnit4TestReference.run(JUnit4TestReference.java:93)\n\tat org.eclipse.jdt.internal.junit.runner.TestExecution.run(TestExecution.java:40)\n\tat org.eclipse.jdt.internal.junit.runner.RemoteTestRunner.runTests(RemoteTestRunner.java:529)\n\tat org.eclipse.jdt.internal.junit.runner.RemoteTestRunner.runTests(RemoteTestRunner.java:756)\n\tat org.eclipse.jdt.internal.junit.runner.RemoteTestRunner.run(RemoteTestRunner.java:452)\n\tat org.eclipse.jdt.internal.junit.runner.RemoteTestRunner.main(RemoteTestRunner.java:210)\n",
    "steps" : [ {
      "name" : "Given  Home page is open",
      "time" : {
        "start" : 1694243121299,
        "stop" : 1694243137871,
        "duration" : 16572
      },
      "status" : "passed",
      "steps" : [ ],
      "attachments" : [ ],
      "parameters" : [ ],
      "stepsCount" : 0,
      "attachmentsCount" : 0,
      "shouldDisplayMessage" : false,
      "hasContent" : false
    }, {
      "name" : "Given  The modal is closed",
      "time" : {
        "start" : 1694243137875,
        "stop" : 1694243139080,
        "duration" : 1205
      },
      "status" : "passed",
      "steps" : [ ],
      "attachments" : [ ],
      "parameters" : [ ],
      "stepsCount" : 0,
      "attachmentsCount" : 0,
      "shouldDisplayMessage" : false,
      "hasContent" : false
    }, {
      "name" : "And  I click on the \"Contacts\" button",
      "time" : {
        "start" : 1694243139083,
        "stop" : 1694243139502,
        "duration" : 419
      },
      "status" : "passed",
      "steps" : [ ],
      "attachments" : [ ],
      "parameters" : [ ],
      "stepsCount" : 0,
      "attachmentsCount" : 0,
      "shouldDisplayMessage" : false,
      "hasContent" : false
    }, {
      "name" : "And  I scrool down page",
      "time" : {
        "start" : 1694243139505,
        "stop" : 1694243139557,
        "duration" : 52
      },
      "status" : "passed",
      "steps" : [ ],
      "attachments" : [ ],
      "parameters" : [ ],
      "stepsCount" : 0,
      "attachmentsCount" : 0,
      "shouldDisplayMessage" : false,
      "hasContent" : false
    }, {
      "name" : "And  I fill in \"Full_Name\" field with \"nameTest\" value",
      "time" : {
        "start" : 1694243139558,
        "stop" : 1694243140453,
        "duration" : 895
      },
      "status" : "passed",
      "steps" : [ ],
      "attachments" : [ ],
      "parameters" : [ ],
      "stepsCount" : 0,
      "attachmentsCount" : 0,
      "shouldDisplayMessage" : false,
      "hasContent" : false
    }, {
      "name" : "And  I fill in \"Email\" field with \"emailtest.com\" value",
      "time" : {
        "start" : 1694243140453,
        "stop" : 1694243140574,
        "duration" : 121
      },
      "status" : "passed",
      "steps" : [ ],
      "attachments" : [ ],
      "parameters" : [ ],
      "stepsCount" : 0,
      "attachmentsCount" : 0,
      "shouldDisplayMessage" : false,
      "hasContent" : false
    }, {
      "name" : "And  I fill in \"Phone\" field with \"123456789\" value",
      "time" : {
        "start" : 1694243140576,
        "stop" : 1694243140715,
        "duration" : 139
      },
      "status" : "passed",
      "steps" : [ ],
      "attachments" : [ ],
      "parameters" : [ ],
      "stepsCount" : 0,
      "attachmentsCount" : 0,
      "shouldDisplayMessage" : false,
      "hasContent" : false
    }, {
      "name" : "And  I fill in \"Company\" field with \"testCompany\" value",
      "time" : {
        "start" : 1694243140717,
        "stop" : 1694243140837,
        "duration" : 120
      },
      "status" : "passed",
      "steps" : [ ],
      "attachments" : [ ],
      "parameters" : [ ],
      "stepsCount" : 0,
      "attachmentsCount" : 0,
      "shouldDisplayMessage" : false,
      "hasContent" : false
    }, {
      "name" : "And  I fill in \"Description\" field with \"testingtestingtestingtesting\" value",
      "time" : {
        "start" : 1694243140837,
        "stop" : 1694243140973,
        "duration" : 136
      },
      "status" : "passed",
      "steps" : [ ],
      "attachments" : [ ],
      "parameters" : [ ],
      "stepsCount" : 0,
      "attachmentsCount" : 0,
      "shouldDisplayMessage" : false,
      "hasContent" : false
    }, {
      "name" : "And  I click on the I agree to \"Checkbox\"",
      "time" : {
        "start" : 1694243140973,
        "stop" : 1694243140989,
        "duration" : 16
      },
      "status" : "unknown",
      "statusMessage" : "Undefined Step. Please add step definition",
      "statusTrace" : "java.lang.IllegalStateException: Undefined Step. Please add step definition\n\tat io.qameta.allure.cucumber7jvm.AllureCucumber7Jvm.handlePickleStep(AllureCucumber7Jvm.java:423)\n\tat io.qameta.allure.cucumber7jvm.AllureCucumber7Jvm.handleTestStepFinished(AllureCucumber7Jvm.java:251)\n\tat io.cucumber.core.eventbus.AbstractEventPublisher.send(AbstractEventPublisher.java:51)\n\tat io.cucumber.core.eventbus.AbstractEventBus.send(AbstractEventBus.java:12)\n\tat io.cucumber.core.runtime.SynchronizedEventBus.send(SynchronizedEventBus.java:47)\n\tat io.cucumber.core.runtime.ThreadLocalRunnerSupplier$LocalEventBus.send(ThreadLocalRunnerSupplier.java:62)\n\tat io.cucumber.core.runner.TestStep.emitTestStepFinished(TestStep.java:116)\n\tat io.cucumber.core.runner.TestStep.run(TestStep.java:67)\n\tat io.cucumber.core.runner.PickleStepTestStep.run(PickleStepTestStep.java:51)\n\tat io.cucumber.core.runner.TestCase.run(TestCase.java:84)\n\tat io.cucumber.core.runner.Runner.runPickle(Runner.java:75)\n\tat io.cucumber.junit.PickleRunners$NoStepDescriptions.lambda$run$0(PickleRunners.java:151)\n\tat io.cucumber.core.runtime.CucumberExecutionContext.lambda$runTestCase$5(CucumberExecutionContext.java:137)\n\tat io.cucumber.core.runtime.RethrowingThrowableCollector.executeAndThrow(RethrowingThrowableCollector.java:23)\n\tat io.cucumber.core.runtime.CucumberExecutionContext.runTestCase(CucumberExecutionContext.java:137)\n\tat io.cucumber.junit.PickleRunners$NoStepDescriptions.run(PickleRunners.java:148)\n\tat io.cucumber.junit.FeatureRunner.runChild(FeatureRunner.java:144)\n\tat io.cucumber.junit.FeatureRunner.runChild(FeatureRunner.java:28)\n\tat org.junit.runners.ParentRunner$4.run(ParentRunner.java:331)\n\tat org.junit.runners.ParentRunner$1.schedule(ParentRunner.java:79)\n\tat org.junit.runners.ParentRunner.runChildren(ParentRunner.java:329)\n\tat org.junit.runners.ParentRunner.access$100(ParentRunner.java:66)\n\tat org.junit.runners.ParentRunner$2.evaluate(ParentRunner.java:293)\n\tat org.junit.runners.ParentRunner$3.evaluate(ParentRunner.java:306)\n\tat org.junit.runners.ParentRunner.run(ParentRunner.java:413)\n\tat io.cucumber.junit.FeatureRunner.run(FeatureRunner.java:137)\n\tat io.cucumber.junit.Cucumber.runChild(Cucumber.java:196)\n\tat io.cucumber.junit.Cucumber.runChild(Cucumber.java:89)\n\tat org.junit.runners.ParentRunner$4.run(ParentRunner.java:331)\n\tat org.junit.runners.ParentRunner$1.schedule(ParentRunner.java:79)\n\tat org.junit.runners.ParentRunner.runChildren(ParentRunner.java:329)\n\tat org.junit.runners.ParentRunner.access$100(ParentRunner.java:66)\n\tat org.junit.runners.ParentRunner$2.evaluate(ParentRunner.java:293)\n\tat io.cucumber.core.runtime.CucumberExecutionContext.lambda$runFeatures$6(CucumberExecutionContext.java:148)\n\tat io.cucumber.core.runtime.CucumberExecutionContext.execute(CucumberExecutionContext.java:163)\n\tat io.cucumber.core.runtime.CucumberExecutionContext.runFeatures(CucumberExecutionContext.java:146)\n\tat io.cucumber.junit.Cucumber$StartAndFinishTestRun.evaluate(Cucumber.java:226)\n\tat org.junit.runners.ParentRunner$3.evaluate(ParentRunner.java:306)\n\tat org.junit.runners.ParentRunner.run(ParentRunner.java:413)\n\tat org.eclipse.jdt.internal.junit4.runner.JUnit4TestReference.run(JUnit4TestReference.java:93)\n\tat org.eclipse.jdt.internal.junit.runner.TestExecution.run(TestExecution.java:40)\n\tat org.eclipse.jdt.internal.junit.runner.RemoteTestRunner.runTests(RemoteTestRunner.java:529)\n\tat org.eclipse.jdt.internal.junit.runner.RemoteTestRunner.runTests(RemoteTestRunner.java:756)\n\tat org.eclipse.jdt.internal.junit.runner.RemoteTestRunner.run(RemoteTestRunner.java:452)\n\tat org.eclipse.jdt.internal.junit.runner.RemoteTestRunner.main(RemoteTestRunner.java:210)\n",
      "steps" : [ ],
      "attachments" : [ ],
      "parameters" : [ ],
      "stepsCount" : 0,
      "attachmentsCount" : 0,
      "shouldDisplayMessage" : true,
      "hasContent" : true
    }, {
      "name" : "And  I click on the \"Send_Message\" button",
      "time" : {
        "start" : 1694243140990,
        "stop" : 1694243140993,
        "duration" : 3
      },
      "status" : "skipped",
      "steps" : [ ],
      "attachments" : [ ],
      "parameters" : [ ],
      "stepsCount" : 0,
      "attachmentsCount" : 0,
      "shouldDisplayMessage" : false,
      "hasContent" : false
    }, {
      "name" : "Then  I should see the email input error \"Email is invalid\"",
      "time" : {
        "start" : 1694243140993,
        "stop" : 1694243140995,
        "duration" : 2
      },
      "status" : "skipped",
      "steps" : [ ],
      "attachments" : [ ],
      "parameters" : [ ],
      "stepsCount" : 0,
      "attachmentsCount" : 0,
      "shouldDisplayMessage" : false,
      "hasContent" : false
    } ],
    "attachments" : [ ],
    "parameters" : [ ],
    "stepsCount" : 12,
    "attachmentsCount" : 0,
    "shouldDisplayMessage" : false,
    "hasContent" : true
  },
  "afterStages" : [ {
    "name" : "StepDefinitions.Hooks.teardown()",
    "time" : {
      "start" : 1694243140998,
      "stop" : 1694243142187,
      "duration" : 1189
    },
    "status" : "passed",
    "steps" : [ ],
    "attachments" : [ ],
    "parameters" : [ ],
    "stepsCount" : 0,
    "attachmentsCount" : 0,
    "shouldDisplayMessage" : false,
    "hasContent" : false
  } ],
  "labels" : [ {
    "name" : "tag",
    "value" : "test"
  }, {
    "name" : "host",
    "value" : "david"
  }, {
    "name" : "thread",
    "value" : "10398@david.main(1)"
  }, {
    "name" : "feature",
    "value" : "As A user I want to send message"
  }, {
    "name" : "story",
    "value" : "Send a message with invalid email format data"
  }, {
    "name" : "suite",
    "value" : "As A user I want to send message"
  }, {
    "name" : "testClass",
    "value" : "Send a message with invalid email format data"
  }, {
    "name" : "framework",
    "value" : "cucumber4jvm"
  }, {
    "name" : "language",
    "value" : "java"
  }, {
    "name" : "gherkin_uri",
    "value" : "file:///home/david/Desktop/Tesvan_Project/TesvanProject/src/test/features/Contacts.feature"
  }, {
    "name" : "package",
    "value" : "src.test.features.Contacts_feature.As A user I want to send message"
  }, {
    "name" : "resultFormat",
    "value" : "allure2"
  } ],
  "parameters" : [ ],
  "links" : [ ],
  "hidden" : true,
  "retry" : true,
  "extra" : {
    "categories" : [ ],
    "tags" : [ "test" ]
  },
  "source" : "6d61fad7945bc404.json",
  "parameterValues" : [ ]
}