{
  "uid" : "75d80ab9d5ab4918",
  "name" : "Verify accessing the Careers page",
  "fullName" : "src/test/features/Careers.feature:9",
  "historyId" : "52ec11a8a7f873df07946061af812751",
  "time" : {
    "start" : 1694266966465,
    "stop" : 1694266991341,
    "duration" : 24876
  },
  "status" : "broken",
  "statusMessage" : "Step [I hover over the {string} section in the menu bar] is defined with 0 parameters at 'StepDefinitions.CareersSteps.hover_over()'.\nHowever, the gherkin step has 1 arguments:\n * \"Company\"\nStep text: I hover over the \"Company\" section in the menu bar",
  "statusTrace" : "io.cucumber.core.exception.CucumberException: Step [I hover over the {string} section in the menu bar] is defined with 0 parameters at 'StepDefinitions.CareersSteps.hover_over()'.\nHowever, the gherkin step has 1 arguments:\n * \"Company\"\nStep text: I hover over the \"Company\" section in the menu bar\n\tat io.cucumber.core.runner.PickleStepDefinitionMatch.arityMismatch(PickleStepDefinitionMatch.java:83)\n\tat io.cucumber.core.runner.PickleStepDefinitionMatch.runStep(PickleStepDefinitionMatch.java:42)\n\tat io.cucumber.core.runner.ExecutionMode$1.execute(ExecutionMode.java:10)\n\tat io.cucumber.core.runner.TestStep.executeStep(TestStep.java:84)\n\tat io.cucumber.core.runner.TestStep.run(TestStep.java:56)\n\tat io.cucumber.core.runner.PickleStepTestStep.run(PickleStepTestStep.java:51)\n\tat io.cucumber.core.runner.TestCase.run(TestCase.java:84)\n\tat io.cucumber.core.runner.Runner.runPickle(Runner.java:75)\n\tat io.cucumber.junit.PickleRunners$NoStepDescriptions.lambda$run$0(PickleRunners.java:151)\n\tat io.cucumber.core.runtime.CucumberExecutionContext.lambda$runTestCase$5(CucumberExecutionContext.java:137)\n\tat io.cucumber.core.runtime.RethrowingThrowableCollector.executeAndThrow(RethrowingThrowableCollector.java:23)\n\tat io.cucumber.core.runtime.CucumberExecutionContext.runTestCase(CucumberExecutionContext.java:137)\n\tat io.cucumber.junit.PickleRunners$NoStepDescriptions.run(PickleRunners.java:148)\n\tat io.cucumber.junit.FeatureRunner.runChild(FeatureRunner.java:144)\n\tat io.cucumber.junit.FeatureRunner.runChild(FeatureRunner.java:28)\n\tat org.junit.runners.ParentRunner$4.run(ParentRunner.java:331)\n\tat org.junit.runners.ParentRunner$1.schedule(ParentRunner.java:79)\n\tat org.junit.runners.ParentRunner.runChildren(ParentRunner.java:329)\n\tat org.junit.runners.ParentRunner.access$100(ParentRunner.java:66)\n\tat org.junit.runners.ParentRunner$2.evaluate(ParentRunner.java:293)\n\tat org.junit.runners.ParentRunner$3.evaluate(ParentRunner.java:306)\n\tat org.junit.runners.ParentRunner.run(ParentRunner.java:413)\n\tat io.cucumber.junit.FeatureRunner.run(FeatureRunner.java:137)\n\tat io.cucumber.junit.Cucumber.runChild(Cucumber.java:196)\n\tat io.cucumber.junit.Cucumber.runChild(Cucumber.java:89)\n\tat org.junit.runners.ParentRunner$4.run(ParentRunner.java:331)\n\tat org.junit.runners.ParentRunner$1.schedule(ParentRunner.java:79)\n\tat org.junit.runners.ParentRunner.runChildren(ParentRunner.java:329)\n\tat org.junit.runners.ParentRunner.access$100(ParentRunner.java:66)\n\tat org.junit.runners.ParentRunner$2.evaluate(ParentRunner.java:293)\n\tat io.cucumber.core.runtime.CucumberExecutionContext.lambda$runFeatures$6(CucumberExecutionContext.java:148)\n\tat io.cucumber.core.runtime.CucumberExecutionContext.execute(CucumberExecutionContext.java:163)\n\tat io.cucumber.core.runtime.CucumberExecutionContext.runFeatures(CucumberExecutionContext.java:146)\n\tat io.cucumber.junit.Cucumber$StartAndFinishTestRun.evaluate(Cucumber.java:226)\n\tat org.junit.runners.ParentRunner$3.evaluate(ParentRunner.java:306)\n\tat org.junit.runners.ParentRunner.run(ParentRunner.java:413)\n\tat org.eclipse.jdt.internal.junit4.runner.JUnit4TestReference.run(JUnit4TestReference.java:93)\n\tat org.eclipse.jdt.internal.junit.runner.TestExecution.run(TestExecution.java:40)\n\tat org.eclipse.jdt.internal.junit.runner.RemoteTestRunner.runTests(RemoteTestRunner.java:529)\n\tat org.eclipse.jdt.internal.junit.runner.RemoteTestRunner.runTests(RemoteTestRunner.java:756)\n\tat org.eclipse.jdt.internal.junit.runner.RemoteTestRunner.run(RemoteTestRunner.java:452)\n\tat org.eclipse.jdt.internal.junit.runner.RemoteTestRunner.main(RemoteTestRunner.java:210)\n",
  "flaky" : false,
  "newFailed" : false,
  "newBroken" : false,
  "newPassed" : false,
  "retriesCount" : 0,
  "retriesStatusChange" : false,
  "beforeStages" : [ {
    "name" : "StepDefinitions.Hooks.initDriver()",
    "time" : {
      "start" : 1694266966467,
      "stop" : 1694266971188,
      "duration" : 4721
    },
    "status" : "passed",
    "steps" : [ ],
    "attachments" : [ ],
    "parameters" : [ ],
    "stepsCount" : 0,
    "attachmentsCount" : 0,
    "shouldDisplayMessage" : false,
    "hasContent" : false
  } ],
  "testStage" : {
    "status" : "broken",
    "statusMessage" : "Step [I hover over the {string} section in the menu bar] is defined with 0 parameters at 'StepDefinitions.CareersSteps.hover_over()'.\nHowever, the gherkin step has 1 arguments:\n * \"Company\"\nStep text: I hover over the \"Company\" section in the menu bar",
    "statusTrace" : "io.cucumber.core.exception.CucumberException: Step [I hover over the {string} section in the menu bar] is defined with 0 parameters at 'StepDefinitions.CareersSteps.hover_over()'.\nHowever, the gherkin step has 1 arguments:\n * \"Company\"\nStep text: I hover over the \"Company\" section in the menu bar\n\tat io.cucumber.core.runner.PickleStepDefinitionMatch.arityMismatch(PickleStepDefinitionMatch.java:83)\n\tat io.cucumber.core.runner.PickleStepDefinitionMatch.runStep(PickleStepDefinitionMatch.java:42)\n\tat io.cucumber.core.runner.ExecutionMode$1.execute(ExecutionMode.java:10)\n\tat io.cucumber.core.runner.TestStep.executeStep(TestStep.java:84)\n\tat io.cucumber.core.runner.TestStep.run(TestStep.java:56)\n\tat io.cucumber.core.runner.PickleStepTestStep.run(PickleStepTestStep.java:51)\n\tat io.cucumber.core.runner.TestCase.run(TestCase.java:84)\n\tat io.cucumber.core.runner.Runner.runPickle(Runner.java:75)\n\tat io.cucumber.junit.PickleRunners$NoStepDescriptions.lambda$run$0(PickleRunners.java:151)\n\tat io.cucumber.core.runtime.CucumberExecutionContext.lambda$runTestCase$5(CucumberExecutionContext.java:137)\n\tat io.cucumber.core.runtime.RethrowingThrowableCollector.executeAndThrow(RethrowingThrowableCollector.java:23)\n\tat io.cucumber.core.runtime.CucumberExecutionContext.runTestCase(CucumberExecutionContext.java:137)\n\tat io.cucumber.junit.PickleRunners$NoStepDescriptions.run(PickleRunners.java:148)\n\tat io.cucumber.junit.FeatureRunner.runChild(FeatureRunner.java:144)\n\tat io.cucumber.junit.FeatureRunner.runChild(FeatureRunner.java:28)\n\tat org.junit.runners.ParentRunner$4.run(ParentRunner.java:331)\n\tat org.junit.runners.ParentRunner$1.schedule(ParentRunner.java:79)\n\tat org.junit.runners.ParentRunner.runChildren(ParentRunner.java:329)\n\tat org.junit.runners.ParentRunner.access$100(ParentRunner.java:66)\n\tat org.junit.runners.ParentRunner$2.evaluate(ParentRunner.java:293)\n\tat org.junit.runners.ParentRunner$3.evaluate(ParentRunner.java:306)\n\tat org.junit.runners.ParentRunner.run(ParentRunner.java:413)\n\tat io.cucumber.junit.FeatureRunner.run(FeatureRunner.java:137)\n\tat io.cucumber.junit.Cucumber.runChild(Cucumber.java:196)\n\tat io.cucumber.junit.Cucumber.runChild(Cucumber.java:89)\n\tat org.junit.runners.ParentRunner$4.run(ParentRunner.java:331)\n\tat org.junit.runners.ParentRunner$1.schedule(ParentRunner.java:79)\n\tat org.junit.runners.ParentRunner.runChildren(ParentRunner.java:329)\n\tat org.junit.runners.ParentRunner.access$100(ParentRunner.java:66)\n\tat org.junit.runners.ParentRunner$2.evaluate(ParentRunner.java:293)\n\tat io.cucumber.core.runtime.CucumberExecutionContext.lambda$runFeatures$6(CucumberExecutionContext.java:148)\n\tat io.cucumber.core.runtime.CucumberExecutionContext.execute(CucumberExecutionContext.java:163)\n\tat io.cucumber.core.runtime.CucumberExecutionContext.runFeatures(CucumberExecutionContext.java:146)\n\tat io.cucumber.junit.Cucumber$StartAndFinishTestRun.evaluate(Cucumber.java:226)\n\tat org.junit.runners.ParentRunner$3.evaluate(ParentRunner.java:306)\n\tat org.junit.runners.ParentRunner.run(ParentRunner.java:413)\n\tat org.eclipse.jdt.internal.junit4.runner.JUnit4TestReference.run(JUnit4TestReference.java:93)\n\tat org.eclipse.jdt.internal.junit.runner.TestExecution.run(TestExecution.java:40)\n\tat org.eclipse.jdt.internal.junit.runner.RemoteTestRunner.runTests(RemoteTestRunner.java:529)\n\tat org.eclipse.jdt.internal.junit.runner.RemoteTestRunner.runTests(RemoteTestRunner.java:756)\n\tat org.eclipse.jdt.internal.junit.runner.RemoteTestRunner.run(RemoteTestRunner.java:452)\n\tat org.eclipse.jdt.internal.junit.runner.RemoteTestRunner.main(RemoteTestRunner.java:210)\n",
    "steps" : [ {
      "name" : "Given  Home page is open",
      "time" : {
        "start" : 1694266971195,
        "stop" : 1694266988265,
        "duration" : 17070
      },
      "status" : "passed",
      "steps" : [ ],
      "attachments" : [ ],
      "parameters" : [ ],
      "stepsCount" : 0,
      "attachmentsCount" : 0,
      "shouldDisplayMessage" : false,
      "hasContent" : false
    }, {
      "name" : "Given  The modal is closed",
      "time" : {
        "start" : 1694266988266,
        "stop" : 1694266989529,
        "duration" : 1263
      },
      "status" : "passed",
      "steps" : [ ],
      "attachments" : [ ],
      "parameters" : [ ],
      "stepsCount" : 0,
      "attachmentsCount" : 0,
      "shouldDisplayMessage" : false,
      "hasContent" : false
    }, {
      "name" : "When  I hover over the \"Company\" section in the menu bar",
      "time" : {
        "start" : 1694266989531,
        "stop" : 1694266989552,
        "duration" : 21
      },
      "status" : "broken",
      "statusMessage" : "Step [I hover over the {string} section in the menu bar] is defined with 0 parameters at 'StepDefinitions.CareersSteps.hover_over()'.\nHowever, the gherkin step has 1 arguments:\n * \"Company\"\nStep text: I hover over the \"Company\" section in the menu bar",
      "statusTrace" : "io.cucumber.core.exception.CucumberException: Step [I hover over the {string} section in the menu bar] is defined with 0 parameters at 'StepDefinitions.CareersSteps.hover_over()'.\nHowever, the gherkin step has 1 arguments:\n * \"Company\"\nStep text: I hover over the \"Company\" section in the menu bar\n\tat io.cucumber.core.runner.PickleStepDefinitionMatch.arityMismatch(PickleStepDefinitionMatch.java:83)\n\tat io.cucumber.core.runner.PickleStepDefinitionMatch.runStep(PickleStepDefinitionMatch.java:42)\n\tat io.cucumber.core.runner.ExecutionMode$1.execute(ExecutionMode.java:10)\n\tat io.cucumber.core.runner.TestStep.executeStep(TestStep.java:84)\n\tat io.cucumber.core.runner.TestStep.run(TestStep.java:56)\n\tat io.cucumber.core.runner.PickleStepTestStep.run(PickleStepTestStep.java:51)\n\tat io.cucumber.core.runner.TestCase.run(TestCase.java:84)\n\tat io.cucumber.core.runner.Runner.runPickle(Runner.java:75)\n\tat io.cucumber.junit.PickleRunners$NoStepDescriptions.lambda$run$0(PickleRunners.java:151)\n\tat io.cucumber.core.runtime.CucumberExecutionContext.lambda$runTestCase$5(CucumberExecutionContext.java:137)\n\tat io.cucumber.core.runtime.RethrowingThrowableCollector.executeAndThrow(RethrowingThrowableCollector.java:23)\n\tat io.cucumber.core.runtime.CucumberExecutionContext.runTestCase(CucumberExecutionContext.java:137)\n\tat io.cucumber.junit.PickleRunners$NoStepDescriptions.run(PickleRunners.java:148)\n\tat io.cucumber.junit.FeatureRunner.runChild(FeatureRunner.java:144)\n\tat io.cucumber.junit.FeatureRunner.runChild(FeatureRunner.java:28)\n\tat org.junit.runners.ParentRunner$4.run(ParentRunner.java:331)\n\tat org.junit.runners.ParentRunner$1.schedule(ParentRunner.java:79)\n\tat org.junit.runners.ParentRunner.runChildren(ParentRunner.java:329)\n\tat org.junit.runners.ParentRunner.access$100(ParentRunner.java:66)\n\tat org.junit.runners.ParentRunner$2.evaluate(ParentRunner.java:293)\n\tat org.junit.runners.ParentRunner$3.evaluate(ParentRunner.java:306)\n\tat org.junit.runners.ParentRunner.run(ParentRunner.java:413)\n\tat io.cucumber.junit.FeatureRunner.run(FeatureRunner.java:137)\n\tat io.cucumber.junit.Cucumber.runChild(Cucumber.java:196)\n\tat io.cucumber.junit.Cucumber.runChild(Cucumber.java:89)\n\tat org.junit.runners.ParentRunner$4.run(ParentRunner.java:331)\n\tat org.junit.runners.ParentRunner$1.schedule(ParentRunner.java:79)\n\tat org.junit.runners.ParentRunner.runChildren(ParentRunner.java:329)\n\tat org.junit.runners.ParentRunner.access$100(ParentRunner.java:66)\n\tat org.junit.runners.ParentRunner$2.evaluate(ParentRunner.java:293)\n\tat io.cucumber.core.runtime.CucumberExecutionContext.lambda$runFeatures$6(CucumberExecutionContext.java:148)\n\tat io.cucumber.core.runtime.CucumberExecutionContext.execute(CucumberExecutionContext.java:163)\n\tat io.cucumber.core.runtime.CucumberExecutionContext.runFeatures(CucumberExecutionContext.java:146)\n\tat io.cucumber.junit.Cucumber$StartAndFinishTestRun.evaluate(Cucumber.java:226)\n\tat org.junit.runners.ParentRunner$3.evaluate(ParentRunner.java:306)\n\tat org.junit.runners.ParentRunner.run(ParentRunner.java:413)\n\tat org.eclipse.jdt.internal.junit4.runner.JUnit4TestReference.run(JUnit4TestReference.java:93)\n\tat org.eclipse.jdt.internal.junit.runner.TestExecution.run(TestExecution.java:40)\n\tat org.eclipse.jdt.internal.junit.runner.RemoteTestRunner.runTests(RemoteTestRunner.java:529)\n\tat org.eclipse.jdt.internal.junit.runner.RemoteTestRunner.runTests(RemoteTestRunner.java:756)\n\tat org.eclipse.jdt.internal.junit.runner.RemoteTestRunner.run(RemoteTestRunner.java:452)\n\tat org.eclipse.jdt.internal.junit.runner.RemoteTestRunner.main(RemoteTestRunner.java:210)\n",
      "steps" : [ ],
      "attachments" : [ ],
      "parameters" : [ ],
      "stepsCount" : 0,
      "attachmentsCount" : 0,
      "shouldDisplayMessage" : true,
      "hasContent" : true
    }, {
      "name" : "And  I click on  the \"Careers\" button",
      "time" : {
        "start" : 1694266989578,
        "stop" : 1694266989582,
        "duration" : 4
      },
      "status" : "skipped",
      "steps" : [ ],
      "attachments" : [ ],
      "parameters" : [ ],
      "stepsCount" : 0,
      "attachmentsCount" : 0,
      "shouldDisplayMessage" : false,
      "hasContent" : false
    }, {
      "name" : "Then  I see that the page URL should be contain the \"/company/careers\"",
      "time" : {
        "start" : 1694266989585,
        "stop" : 1694266989589,
        "duration" : 4
      },
      "status" : "skipped",
      "steps" : [ ],
      "attachments" : [ ],
      "parameters" : [ ],
      "stepsCount" : 0,
      "attachmentsCount" : 0,
      "shouldDisplayMessage" : false,
      "hasContent" : false
    } ],
    "attachments" : [ ],
    "parameters" : [ ],
    "stepsCount" : 5,
    "attachmentsCount" : 0,
    "shouldDisplayMessage" : false,
    "hasContent" : true
  },
  "afterStages" : [ {
    "name" : "StepDefinitions.Hooks.teardown()",
    "time" : {
      "start" : 1694266989592,
      "stop" : 1694266991326,
      "duration" : 1734
    },
    "status" : "passed",
    "steps" : [ ],
    "attachments" : [ ],
    "parameters" : [ ],
    "stepsCount" : 0,
    "attachmentsCount" : 0,
    "shouldDisplayMessage" : false,
    "hasContent" : false
  } ],
  "labels" : [ {
    "name" : "tag",
    "value" : "test"
  }, {
    "name" : "host",
    "value" : "david"
  }, {
    "name" : "thread",
    "value" : "148177@david.main(1)"
  }, {
    "name" : "feature",
    "value" : "Careers page functionality"
  }, {
    "name" : "story",
    "value" : "Verify accessing the Careers page"
  }, {
    "name" : "suite",
    "value" : "Careers page functionality"
  }, {
    "name" : "testClass",
    "value" : "Verify accessing the Careers page"
  }, {
    "name" : "framework",
    "value" : "cucumber4jvm"
  }, {
    "name" : "language",
    "value" : "java"
  }, {
    "name" : "gherkin_uri",
    "value" : "file:///home/david/Desktop/Tesvan_Project/TesvanProject/src/test/features/Careers.feature"
  }, {
    "name" : "package",
    "value" : "src.test.features.Careers_feature.Careers page functionality"
  }, {
    "name" : "resultFormat",
    "value" : "allure2"
  } ],
  "parameters" : [ ],
  "links" : [ ],
  "hidden" : true,
  "retry" : true,
  "extra" : {
    "categories" : [ ],
    "tags" : [ "test" ]
  },
  "source" : "75d80ab9d5ab4918.json",
  "parameterValues" : [ ]
}