{
  "uid" : "f713209c73d71fb5",
  "name" : "Verify Social Media Navigation from Contact",
  "fullName" : "src/test/features/Contacts.feature:79",
  "historyId" : "f20d424c63fd5efea776d92db7437e21",
  "time" : {
    "start" : 1694276661848,
    "stop" : 1694276686468,
    "duration" : 24620
  },
  "status" : "broken",
  "statusMessage" : "Element <button id=\"headerButton\" class=\"Button_button__k9F7A Button_yellow__zUx2d HeaderContent_button__BVGX_ undefined Button_eng__VMlwB\" type=\"button\"> is not clickable at point (923,30) because another element <nav class=\"MenuItems_itemsNav__iv9jh\"> obscures it\nBuild info: version: '4.11.0', revision: '040bc5406b'\nSystem info: os.name: 'Linux', os.arch: 'amd64', os.version: '5.15.0-83-generic', java.version: '11.0.20.1'\nDriver info: org.openqa.selenium.firefox.FirefoxDriver\nCommand: [e2311b0c-d8c2-44c4-b2d2-45b829a7ecae, clickElement {id=ece6e857-78c3-4bd9-a970-a0fd523abee8}]\nCapabilities {acceptInsecureCerts: true, browserName: firefox, browserVersion: 117.0, moz:accessibilityChecks: false, moz:buildID: 20230824132758, moz:debuggerAddress: 127.0.0.1:28634, moz:geckodriverVersion: 0.33.0, moz:headless: false, moz:platformVersion: 5.15.0-83-generic, moz:processID: 33555, moz:profile: /tmp/rust_mozprofile4PPWa8, moz:shutdownTimeout: 60000, moz:webdriverClick: true, moz:windowless: false, pageLoadStrategy: normal, platformName: linux, proxy: Proxy(), se:cdp: ws://127.0.0.1:28634/devtoo..., se:cdpVersion: 85.0, setWindowRect: true, strictFileInteractability: false, timeouts: {implicit: 0, pageLoad: 300000, script: 30000}, unhandledPromptBehavior: dismiss and notify}\nElement: [[FirefoxDriver: firefox on linux (e2311b0c-d8c2-44c4-b2d2-45b829a7ecae)] -> xpath: //html[1]/body[1]/div[1]/div[6]/div[1]/div[1]/button[1]]\nSession ID: e2311b0c-d8c2-44c4-b2d2-45b829a7ecae",
  "statusTrace" : "org.openqa.selenium.ElementClickInterceptedException: Element <button id=\"headerButton\" class=\"Button_button__k9F7A Button_yellow__zUx2d HeaderContent_button__BVGX_ undefined Button_eng__VMlwB\" type=\"button\"> is not clickable at point (923,30) because another element <nav class=\"MenuItems_itemsNav__iv9jh\"> obscures it\nBuild info: version: '4.11.0', revision: '040bc5406b'\nSystem info: os.name: 'Linux', os.arch: 'amd64', os.version: '5.15.0-83-generic', java.version: '11.0.20.1'\nDriver info: org.openqa.selenium.firefox.FirefoxDriver\nCommand: [e2311b0c-d8c2-44c4-b2d2-45b829a7ecae, clickElement {id=ece6e857-78c3-4bd9-a970-a0fd523abee8}]\nCapabilities {acceptInsecureCerts: true, browserName: firefox, browserVersion: 117.0, moz:accessibilityChecks: false, moz:buildID: 20230824132758, moz:debuggerAddress: 127.0.0.1:28634, moz:geckodriverVersion: 0.33.0, moz:headless: false, moz:platformVersion: 5.15.0-83-generic, moz:processID: 33555, moz:profile: /tmp/rust_mozprofile4PPWa8, moz:shutdownTimeout: 60000, moz:webdriverClick: true, moz:windowless: false, pageLoadStrategy: normal, platformName: linux, proxy: Proxy(), se:cdp: ws://127.0.0.1:28634/devtoo..., se:cdpVersion: 85.0, setWindowRect: true, strictFileInteractability: false, timeouts: {implicit: 0, pageLoad: 300000, script: 30000}, unhandledPromptBehavior: dismiss and notify}\nElement: [[FirefoxDriver: firefox on linux (e2311b0c-d8c2-44c4-b2d2-45b829a7ecae)] -> xpath: //html[1]/body[1]/div[1]/div[6]/div[1]/div[1]/button[1]]\nSession ID: e2311b0c-d8c2-44c4-b2d2-45b829a7ecae\n\tat java.base/jdk.internal.reflect.NativeConstructorAccessorImpl.newInstance0(Native Method)\n\tat java.base/jdk.internal.reflect.NativeConstructorAccessorImpl.newInstance(NativeConstructorAccessorImpl.java:62)\n\tat java.base/jdk.internal.reflect.DelegatingConstructorAccessorImpl.newInstance(DelegatingConstructorAccessorImpl.java:45)\n\tat java.base/java.lang.reflect.Constructor.newInstance(Constructor.java:490)\n\tat org.openqa.selenium.remote.codec.w3c.W3CHttpResponseCodec.createException(W3CHttpResponseCodec.java:200)\n\tat org.openqa.selenium.remote.codec.w3c.W3CHttpResponseCodec.decode(W3CHttpResponseCodec.java:133)\n\tat org.openqa.selenium.remote.codec.w3c.W3CHttpResponseCodec.decode(W3CHttpResponseCodec.java:52)\n\tat org.openqa.selenium.remote.HttpCommandExecutor.execute(HttpCommandExecutor.java:191)\n\tat org.openqa.selenium.remote.service.DriverCommandExecutor.invokeExecute(DriverCommandExecutor.java:196)\n\tat org.openqa.selenium.remote.service.DriverCommandExecutor.execute(DriverCommandExecutor.java:171)\n\tat org.openqa.selenium.remote.RemoteWebDriver.execute(RemoteWebDriver.java:518)\n\tat org.openqa.selenium.remote.RemoteWebElement.execute(RemoteWebElement.java:224)\n\tat org.openqa.selenium.remote.RemoteWebElement.click(RemoteWebElement.java:77)\n\tat PageObject.SendMessageModal.clickOnElement(SendMessageModal.java:59)\n\tat StepDefinitions.MessageSteps.send_message(MessageSteps.java:31)\n\tat ✽.I click on the \"ScroolDown\" button(file:///home/david/Desktop/Tesvan_Project/TesvanProject/src/test/features/Contacts.feature:73)\n",
  "flaky" : false,
  "newFailed" : false,
  "newBroken" : false,
  "newPassed" : false,
  "retriesCount" : 6,
  "retriesStatusChange" : true,
  "beforeStages" : [ {
    "name" : "StepDefinitions.Hooks.initDriver()",
    "time" : {
      "start" : 1694276661852,
      "stop" : 1694276666381,
      "duration" : 4529
    },
    "status" : "passed",
    "steps" : [ ],
    "attachments" : [ ],
    "parameters" : [ ],
    "stepsCount" : 0,
    "attachmentsCount" : 0,
    "shouldDisplayMessage" : false,
    "hasContent" : false
  } ],
  "testStage" : {
    "status" : "broken",
    "statusMessage" : "Element <button id=\"headerButton\" class=\"Button_button__k9F7A Button_yellow__zUx2d HeaderContent_button__BVGX_ undefined Button_eng__VMlwB\" type=\"button\"> is not clickable at point (923,30) because another element <nav class=\"MenuItems_itemsNav__iv9jh\"> obscures it\nBuild info: version: '4.11.0', revision: '040bc5406b'\nSystem info: os.name: 'Linux', os.arch: 'amd64', os.version: '5.15.0-83-generic', java.version: '11.0.20.1'\nDriver info: org.openqa.selenium.firefox.FirefoxDriver\nCommand: [e2311b0c-d8c2-44c4-b2d2-45b829a7ecae, clickElement {id=ece6e857-78c3-4bd9-a970-a0fd523abee8}]\nCapabilities {acceptInsecureCerts: true, browserName: firefox, browserVersion: 117.0, moz:accessibilityChecks: false, moz:buildID: 20230824132758, moz:debuggerAddress: 127.0.0.1:28634, moz:geckodriverVersion: 0.33.0, moz:headless: false, moz:platformVersion: 5.15.0-83-generic, moz:processID: 33555, moz:profile: /tmp/rust_mozprofile4PPWa8, moz:shutdownTimeout: 60000, moz:webdriverClick: true, moz:windowless: false, pageLoadStrategy: normal, platformName: linux, proxy: Proxy(), se:cdp: ws://127.0.0.1:28634/devtoo..., se:cdpVersion: 85.0, setWindowRect: true, strictFileInteractability: false, timeouts: {implicit: 0, pageLoad: 300000, script: 30000}, unhandledPromptBehavior: dismiss and notify}\nElement: [[FirefoxDriver: firefox on linux (e2311b0c-d8c2-44c4-b2d2-45b829a7ecae)] -> xpath: //html[1]/body[1]/div[1]/div[6]/div[1]/div[1]/button[1]]\nSession ID: e2311b0c-d8c2-44c4-b2d2-45b829a7ecae",
    "statusTrace" : "org.openqa.selenium.ElementClickInterceptedException: Element <button id=\"headerButton\" class=\"Button_button__k9F7A Button_yellow__zUx2d HeaderContent_button__BVGX_ undefined Button_eng__VMlwB\" type=\"button\"> is not clickable at point (923,30) because another element <nav class=\"MenuItems_itemsNav__iv9jh\"> obscures it\nBuild info: version: '4.11.0', revision: '040bc5406b'\nSystem info: os.name: 'Linux', os.arch: 'amd64', os.version: '5.15.0-83-generic', java.version: '11.0.20.1'\nDriver info: org.openqa.selenium.firefox.FirefoxDriver\nCommand: [e2311b0c-d8c2-44c4-b2d2-45b829a7ecae, clickElement {id=ece6e857-78c3-4bd9-a970-a0fd523abee8}]\nCapabilities {acceptInsecureCerts: true, browserName: firefox, browserVersion: 117.0, moz:accessibilityChecks: false, moz:buildID: 20230824132758, moz:debuggerAddress: 127.0.0.1:28634, moz:geckodriverVersion: 0.33.0, moz:headless: false, moz:platformVersion: 5.15.0-83-generic, moz:processID: 33555, moz:profile: /tmp/rust_mozprofile4PPWa8, moz:shutdownTimeout: 60000, moz:webdriverClick: true, moz:windowless: false, pageLoadStrategy: normal, platformName: linux, proxy: Proxy(), se:cdp: ws://127.0.0.1:28634/devtoo..., se:cdpVersion: 85.0, setWindowRect: true, strictFileInteractability: false, timeouts: {implicit: 0, pageLoad: 300000, script: 30000}, unhandledPromptBehavior: dismiss and notify}\nElement: [[FirefoxDriver: firefox on linux (e2311b0c-d8c2-44c4-b2d2-45b829a7ecae)] -> xpath: //html[1]/body[1]/div[1]/div[6]/div[1]/div[1]/button[1]]\nSession ID: e2311b0c-d8c2-44c4-b2d2-45b829a7ecae\n\tat java.base/jdk.internal.reflect.NativeConstructorAccessorImpl.newInstance0(Native Method)\n\tat java.base/jdk.internal.reflect.NativeConstructorAccessorImpl.newInstance(NativeConstructorAccessorImpl.java:62)\n\tat java.base/jdk.internal.reflect.DelegatingConstructorAccessorImpl.newInstance(DelegatingConstructorAccessorImpl.java:45)\n\tat java.base/java.lang.reflect.Constructor.newInstance(Constructor.java:490)\n\tat org.openqa.selenium.remote.codec.w3c.W3CHttpResponseCodec.createException(W3CHttpResponseCodec.java:200)\n\tat org.openqa.selenium.remote.codec.w3c.W3CHttpResponseCodec.decode(W3CHttpResponseCodec.java:133)\n\tat org.openqa.selenium.remote.codec.w3c.W3CHttpResponseCodec.decode(W3CHttpResponseCodec.java:52)\n\tat org.openqa.selenium.remote.HttpCommandExecutor.execute(HttpCommandExecutor.java:191)\n\tat org.openqa.selenium.remote.service.DriverCommandExecutor.invokeExecute(DriverCommandExecutor.java:196)\n\tat org.openqa.selenium.remote.service.DriverCommandExecutor.execute(DriverCommandExecutor.java:171)\n\tat org.openqa.selenium.remote.RemoteWebDriver.execute(RemoteWebDriver.java:518)\n\tat org.openqa.selenium.remote.RemoteWebElement.execute(RemoteWebElement.java:224)\n\tat org.openqa.selenium.remote.RemoteWebElement.click(RemoteWebElement.java:77)\n\tat PageObject.SendMessageModal.clickOnElement(SendMessageModal.java:59)\n\tat StepDefinitions.MessageSteps.send_message(MessageSteps.java:31)\n\tat ✽.I click on the \"ScroolDown\" button(file:///home/david/Desktop/Tesvan_Project/TesvanProject/src/test/features/Contacts.feature:73)\n",
    "steps" : [ {
      "name" : "Given  Home page is open",
      "time" : {
        "start" : 1694276666389,
        "stop" : 1694276683025,
        "duration" : 16636
      },
      "status" : "passed",
      "steps" : [ ],
      "attachments" : [ ],
      "parameters" : [ ],
      "stepsCount" : 0,
      "attachmentsCount" : 0,
      "shouldDisplayMessage" : false,
      "hasContent" : false
    }, {
      "name" : "Given  The modal is closed",
      "time" : {
        "start" : 1694276683030,
        "stop" : 1694276684283,
        "duration" : 1253
      },
      "status" : "passed",
      "steps" : [ ],
      "attachments" : [ ],
      "parameters" : [ ],
      "stepsCount" : 0,
      "attachmentsCount" : 0,
      "shouldDisplayMessage" : false,
      "hasContent" : false
    }, {
      "name" : "And  I click on the \"Contacts\" button",
      "time" : {
        "start" : 1694276684288,
        "stop" : 1694276684691,
        "duration" : 403
      },
      "status" : "passed",
      "steps" : [ ],
      "attachments" : [ ],
      "parameters" : [ ],
      "stepsCount" : 0,
      "attachmentsCount" : 0,
      "shouldDisplayMessage" : false,
      "hasContent" : false
    }, {
      "name" : "And  I click on the \"ScroolDown\" button",
      "time" : {
        "start" : 1694276684692,
        "stop" : 1694276685409,
        "duration" : 717
      },
      "status" : "broken",
      "statusMessage" : "Element <button id=\"headerButton\" class=\"Button_button__k9F7A Button_yellow__zUx2d HeaderContent_button__BVGX_ undefined Button_eng__VMlwB\" type=\"button\"> is not clickable at point (923,30) because another element <nav class=\"MenuItems_itemsNav__iv9jh\"> obscures it\nBuild info: version: '4.11.0', revision: '040bc5406b'\nSystem info: os.name: 'Linux', os.arch: 'amd64', os.version: '5.15.0-83-generic', java.version: '11.0.20.1'\nDriver info: org.openqa.selenium.firefox.FirefoxDriver\nCommand: [e2311b0c-d8c2-44c4-b2d2-45b829a7ecae, clickElement {id=ece6e857-78c3-4bd9-a970-a0fd523abee8}]\nCapabilities {acceptInsecureCerts: true, browserName: firefox, browserVersion: 117.0, moz:accessibilityChecks: false, moz:buildID: 20230824132758, moz:debuggerAddress: 127.0.0.1:28634, moz:geckodriverVersion: 0.33.0, moz:headless: false, moz:platformVersion: 5.15.0-83-generic, moz:processID: 33555, moz:profile: /tmp/rust_mozprofile4PPWa8, moz:shutdownTimeout: 60000, moz:webdriverClick: true, moz:windowless: false, pageLoadStrategy: normal, platformName: linux, proxy: Proxy(), se:cdp: ws://127.0.0.1:28634/devtoo..., se:cdpVersion: 85.0, setWindowRect: true, strictFileInteractability: false, timeouts: {implicit: 0, pageLoad: 300000, script: 30000}, unhandledPromptBehavior: dismiss and notify}\nElement: [[FirefoxDriver: firefox on linux (e2311b0c-d8c2-44c4-b2d2-45b829a7ecae)] -> xpath: //html[1]/body[1]/div[1]/div[6]/div[1]/div[1]/button[1]]\nSession ID: e2311b0c-d8c2-44c4-b2d2-45b829a7ecae",
      "statusTrace" : "org.openqa.selenium.ElementClickInterceptedException: Element <button id=\"headerButton\" class=\"Button_button__k9F7A Button_yellow__zUx2d HeaderContent_button__BVGX_ undefined Button_eng__VMlwB\" type=\"button\"> is not clickable at point (923,30) because another element <nav class=\"MenuItems_itemsNav__iv9jh\"> obscures it\nBuild info: version: '4.11.0', revision: '040bc5406b'\nSystem info: os.name: 'Linux', os.arch: 'amd64', os.version: '5.15.0-83-generic', java.version: '11.0.20.1'\nDriver info: org.openqa.selenium.firefox.FirefoxDriver\nCommand: [e2311b0c-d8c2-44c4-b2d2-45b829a7ecae, clickElement {id=ece6e857-78c3-4bd9-a970-a0fd523abee8}]\nCapabilities {acceptInsecureCerts: true, browserName: firefox, browserVersion: 117.0, moz:accessibilityChecks: false, moz:buildID: 20230824132758, moz:debuggerAddress: 127.0.0.1:28634, moz:geckodriverVersion: 0.33.0, moz:headless: false, moz:platformVersion: 5.15.0-83-generic, moz:processID: 33555, moz:profile: /tmp/rust_mozprofile4PPWa8, moz:shutdownTimeout: 60000, moz:webdriverClick: true, moz:windowless: false, pageLoadStrategy: normal, platformName: linux, proxy: Proxy(), se:cdp: ws://127.0.0.1:28634/devtoo..., se:cdpVersion: 85.0, setWindowRect: true, strictFileInteractability: false, timeouts: {implicit: 0, pageLoad: 300000, script: 30000}, unhandledPromptBehavior: dismiss and notify}\nElement: [[FirefoxDriver: firefox on linux (e2311b0c-d8c2-44c4-b2d2-45b829a7ecae)] -> xpath: //html[1]/body[1]/div[1]/div[6]/div[1]/div[1]/button[1]]\nSession ID: e2311b0c-d8c2-44c4-b2d2-45b829a7ecae\n\tat java.base/jdk.internal.reflect.NativeConstructorAccessorImpl.newInstance0(Native Method)\n\tat java.base/jdk.internal.reflect.NativeConstructorAccessorImpl.newInstance(NativeConstructorAccessorImpl.java:62)\n\tat java.base/jdk.internal.reflect.DelegatingConstructorAccessorImpl.newInstance(DelegatingConstructorAccessorImpl.java:45)\n\tat java.base/java.lang.reflect.Constructor.newInstance(Constructor.java:490)\n\tat org.openqa.selenium.remote.codec.w3c.W3CHttpResponseCodec.createException(W3CHttpResponseCodec.java:200)\n\tat org.openqa.selenium.remote.codec.w3c.W3CHttpResponseCodec.decode(W3CHttpResponseCodec.java:133)\n\tat org.openqa.selenium.remote.codec.w3c.W3CHttpResponseCodec.decode(W3CHttpResponseCodec.java:52)\n\tat org.openqa.selenium.remote.HttpCommandExecutor.execute(HttpCommandExecutor.java:191)\n\tat org.openqa.selenium.remote.service.DriverCommandExecutor.invokeExecute(DriverCommandExecutor.java:196)\n\tat org.openqa.selenium.remote.service.DriverCommandExecutor.execute(DriverCommandExecutor.java:171)\n\tat org.openqa.selenium.remote.RemoteWebDriver.execute(RemoteWebDriver.java:518)\n\tat org.openqa.selenium.remote.RemoteWebElement.execute(RemoteWebElement.java:224)\n\tat org.openqa.selenium.remote.RemoteWebElement.click(RemoteWebElement.java:77)\n\tat PageObject.SendMessageModal.clickOnElement(SendMessageModal.java:59)\n\tat StepDefinitions.MessageSteps.send_message(MessageSteps.java:31)\n\tat ✽.I click on the \"ScroolDown\" button(file:///home/david/Desktop/Tesvan_Project/TesvanProject/src/test/features/Contacts.feature:73)\n",
      "steps" : [ ],
      "attachments" : [ ],
      "parameters" : [ ],
      "stepsCount" : 0,
      "attachmentsCount" : 0,
      "shouldDisplayMessage" : true,
      "hasContent" : true
    }, {
      "name" : "When  I click on the \"Upwork\" button",
      "time" : {
        "start" : 1694276685412,
        "stop" : 1694276685413,
        "duration" : 1
      },
      "status" : "skipped",
      "steps" : [ ],
      "attachments" : [ ],
      "parameters" : [ ],
      "stepsCount" : 0,
      "attachmentsCount" : 0,
      "shouldDisplayMessage" : false,
      "hasContent" : false
    }, {
      "name" : "Then  I should be navigate on \"https://www.upwork.com/ag/tesvan/\" page",
      "time" : {
        "start" : 1694276685414,
        "stop" : 1694276685418,
        "duration" : 4
      },
      "status" : "skipped",
      "steps" : [ ],
      "attachments" : [ ],
      "parameters" : [ ],
      "stepsCount" : 0,
      "attachmentsCount" : 0,
      "shouldDisplayMessage" : false,
      "hasContent" : false
    } ],
    "attachments" : [ ],
    "parameters" : [ ],
    "stepsCount" : 6,
    "attachmentsCount" : 0,
    "shouldDisplayMessage" : false,
    "hasContent" : true
  },
  "afterStages" : [ {
    "name" : "StepDefinitions.Hooks.teardown()",
    "time" : {
      "start" : 1694276685420,
      "stop" : 1694276686453,
      "duration" : 1033
    },
    "status" : "passed",
    "steps" : [ ],
    "attachments" : [ ],
    "parameters" : [ ],
    "stepsCount" : 0,
    "attachmentsCount" : 0,
    "shouldDisplayMessage" : false,
    "hasContent" : false
  } ],
  "labels" : [ {
    "name" : "tag",
    "value" : "test"
  }, {
    "name" : "host",
    "value" : "david"
  }, {
    "name" : "thread",
    "value" : "33498@david.main(1)"
  }, {
    "name" : "feature",
    "value" : "As A user I want to send message and navigate to social media pages"
  }, {
    "name" : "story",
    "value" : "Verify Social Media Navigation from Contact"
  }, {
    "name" : "suite",
    "value" : "As A user I want to send message and navigate to social media pages"
  }, {
    "name" : "testClass",
    "value" : "Verify Social Media Navigation from Contact"
  }, {
    "name" : "framework",
    "value" : "cucumber4jvm"
  }, {
    "name" : "language",
    "value" : "java"
  }, {
    "name" : "gherkin_uri",
    "value" : "file:///home/david/Desktop/Tesvan_Project/TesvanProject/src/test/features/Contacts.feature"
  }, {
    "name" : "package",
    "value" : "src.test.features.Contacts_feature.As A user I want to send message and navigate to social media pages"
  }, {
    "name" : "resultFormat",
    "value" : "allure2"
  } ],
  "parameters" : [ {
    "name" : "expected_url",
    "value" : "https://www.upwork.com/ag/tesvan/"
  }, {
    "name" : "social_media",
    "value" : "Upwork"
  } ],
  "links" : [ ],
  "hidden" : false,
  "retry" : false,
  "extra" : {
    "severity" : "normal",
    "retries" : [ {
      "uid" : "2ee4eba98d586a81",
      "status" : "broken",
      "statusDetails" : "Element <button id=\"headerButton\" class=\"Button_button__k9F7A Button_yellow__zUx2d HeaderContent_button__BVGX_ undefined Button_eng__VMlwB\" type=\"button\"> is not clickable at point (923,30) because another element <nav class=\"MenuItems_itemsNav__iv9jh\"> obscures it\nBuild info: version: '4.11.0', revision: '040bc5406b'\nSystem info: os.name: 'Linux', os.arch: 'amd64', os.version: '5.15.0-83-generic', java.version: '11.0.20.1'\nDriver info: org.openqa.selenium.firefox.FirefoxDriver\nCommand: [3ca78397-2e74-4cfc-bfe4-7256c3a448ac, clickElement {id=90b70ac3-1384-44ab-bdba-f3b8bf172630}]\nCapabilities {acceptInsecureCerts: true, browserName: firefox, browserVersion: 117.0, moz:accessibilityChecks: false, moz:buildID: 20230824132758, moz:debuggerAddress: 127.0.0.1:27230, moz:geckodriverVersion: 0.33.0, moz:headless: false, moz:platformVersion: 5.15.0-83-generic, moz:processID: 32393, moz:profile: /tmp/rust_mozprofileDUJGGx, moz:shutdownTimeout: 60000, moz:webdriverClick: true, moz:windowless: false, pageLoadStrategy: normal, platformName: linux, proxy: Proxy(), se:cdp: ws://127.0.0.1:27230/devtoo..., se:cdpVersion: 85.0, setWindowRect: true, strictFileInteractability: false, timeouts: {implicit: 0, pageLoad: 300000, script: 30000}, unhandledPromptBehavior: dismiss and notify}\nElement: [[FirefoxDriver: firefox on linux (3ca78397-2e74-4cfc-bfe4-7256c3a448ac)] -> xpath: //html[1]/body[1]/div[1]/div[6]/div[1]/div[1]/button[1]]\nSession ID: 3ca78397-2e74-4cfc-bfe4-7256c3a448ac",
      "time" : {
        "start" : 1694276598324,
        "stop" : 1694276622919,
        "duration" : 24595
      }
    }, {
      "uid" : "3d7390a2113014b7",
      "status" : "skipped",
      "statusDetails" : "Undefined Step. Please add step definition",
      "time" : {
        "start" : 1694276536880,
        "stop" : 1694276561927,
        "duration" : 25047
      }
    }, {
      "uid" : "1d16f1b2de78922",
      "status" : "skipped",
      "statusDetails" : "Undefined Step. Please add step definition",
      "time" : {
        "start" : 1694276403992,
        "stop" : 1694276433206,
        "duration" : 29214
      }
    }, {
      "uid" : "5a73f0c8198f3faa",
      "status" : "skipped",
      "statusDetails" : "Undefined Step. Please add step definition",
      "time" : {
        "start" : 1694275138373,
        "stop" : 1694275166575,
        "duration" : 28202
      }
    }, {
      "uid" : "556e2e8808a5ec31",
      "status" : "passed",
      "time" : {
        "start" : 1694255754599,
        "stop" : 1694255804399,
        "duration" : 49800
      }
    }, {
      "uid" : "8899957f83f71cd0",
      "status" : "broken",
      "statusDetails" : "Failed to decode response from marionette\nBuild info: version: '4.11.0', revision: '040bc5406b'\nSystem info: os.name: 'Linux', os.arch: 'amd64', os.version: '5.15.0-83-generic', java.version: '11.0.20.1'\nDriver info: org.openqa.selenium.firefox.FirefoxDriver\nCommand: [9ec0892d-5f6f-42a1-a829-33a6eb96b00f, findElement {using=xpath, value=/html[1]/body[1]/div[1]/div[2]/div[1]/div[1]}]\nCapabilities {acceptInsecureCerts: true, browserName: firefox, browserVersion: 117.0, moz:accessibilityChecks: false, moz:buildID: 20230824132758, moz:debuggerAddress: 127.0.0.1:26697, moz:geckodriverVersion: 0.33.0, moz:headless: false, moz:platformVersion: 5.15.0-83-generic, moz:processID: 84348, moz:profile: /tmp/rust_mozprofileL4qrUL, moz:shutdownTimeout: 60000, moz:webdriverClick: true, moz:windowless: false, pageLoadStrategy: normal, platformName: linux, proxy: Proxy(), se:cdp: ws://127.0.0.1:26697/devtoo..., se:cdpVersion: 85.0, setWindowRect: true, strictFileInteractability: false, timeouts: {implicit: 0, pageLoad: 300000, script: 30000}, unhandledPromptBehavior: dismiss and notify}\nSession ID: 9ec0892d-5f6f-42a1-a829-33a6eb96b00f",
      "time" : {
        "start" : 1694255173881,
        "stop" : 1694255186381,
        "duration" : 12500
      }
    } ],
    "categories" : [ {
      "name" : "Test defects",
      "matchedStatuses" : [ ],
      "flaky" : false
    } ],
    "tags" : [ "test" ]
  },
  "source" : "f713209c73d71fb5.json",
  "parameterValues" : [ "https://www.upwork.com/ag/tesvan/", "Upwork" ]
}